ARM GAS  C:\Users\T470S\AppData\Local\Temp\ccGoGX5H.s 			page 1


   1              		.cpu cortex-m3
   2              		.eabi_attribute 20, 1
   3              		.eabi_attribute 21, 1
   4              		.eabi_attribute 23, 3
   5              		.eabi_attribute 24, 1
   6              		.eabi_attribute 25, 1
   7              		.eabi_attribute 26, 1
   8              		.eabi_attribute 30, 1
   9              		.eabi_attribute 34, 1
  10              		.eabi_attribute 18, 4
  11              		.file	"MainApp.c"
  12              		.text
  13              	.Ltext0:
  14              		.cfi_sections	.debug_frame
  15              		.section	.text.MX_GPIO_Init,"ax",%progbits
  16              		.align	1
  17              		.arch armv7-m
  18              		.syntax unified
  19              		.thumb
  20              		.thumb_func
  21              		.fpu softvfp
  23              	MX_GPIO_Init:
  24              	.LFB67:
  25              		.file 1 "Core/Src/MainApp.c"
   1:Core/Src/MainApp.c **** /* USER CODE BEGIN Header */
   2:Core/Src/MainApp.c **** /**
   3:Core/Src/MainApp.c ****   ******************************************************************************
   4:Core/Src/MainApp.c ****   * @file           : main.c
   5:Core/Src/MainApp.c ****   * @brief          : Main program body
   6:Core/Src/MainApp.c ****   ******************************************************************************
   7:Core/Src/MainApp.c ****   * @attention
   8:Core/Src/MainApp.c ****   *
   9:Core/Src/MainApp.c ****   * <h2><center>&copy; Copyright (c) 2021 STMicroelectronics.
  10:Core/Src/MainApp.c ****   * All rights reserved.</center></h2>
  11:Core/Src/MainApp.c ****   *
  12:Core/Src/MainApp.c ****   * This software component is licensed by ST under BSD 3-Clause license,
  13:Core/Src/MainApp.c ****   * the "License"; You may not use this file except in compliance with the
  14:Core/Src/MainApp.c ****   * License. You may obtain a copy of the License at:
  15:Core/Src/MainApp.c ****   *                        opensource.org/licenses/BSD-3-Clause
  16:Core/Src/MainApp.c ****   *
  17:Core/Src/MainApp.c ****   ******************************************************************************
  18:Core/Src/MainApp.c ****   */
  19:Core/Src/MainApp.c **** /* USER CODE END Header */
  20:Core/Src/MainApp.c **** /* Includes ------------------------------------------------------------------*/
  21:Core/Src/MainApp.c **** #include "main.h"
  22:Core/Src/MainApp.c **** 
  23:Core/Src/MainApp.c **** /* Private includes ----------------------------------------------------------*/
  24:Core/Src/MainApp.c **** /* USER CODE BEGIN Includes */
  25:Core/Src/MainApp.c **** __attribute__((section(".shared_memory"))) uint32_t test;
  26:Core/Src/MainApp.c **** /* USER CODE END Includes */
  27:Core/Src/MainApp.c **** 
  28:Core/Src/MainApp.c **** /* Private typedef -----------------------------------------------------------*/
  29:Core/Src/MainApp.c **** /* USER CODE BEGIN PTD */
  30:Core/Src/MainApp.c **** 
  31:Core/Src/MainApp.c **** /* USER CODE END PTD */
  32:Core/Src/MainApp.c **** 
  33:Core/Src/MainApp.c **** /* Private define ------------------------------------------------------------*/
ARM GAS  C:\Users\T470S\AppData\Local\Temp\ccGoGX5H.s 			page 2


  34:Core/Src/MainApp.c **** /* USER CODE BEGIN PD */
  35:Core/Src/MainApp.c **** /* USER CODE END PD */
  36:Core/Src/MainApp.c **** 
  37:Core/Src/MainApp.c **** /* Private macro -------------------------------------------------------------*/
  38:Core/Src/MainApp.c **** /* USER CODE BEGIN PM */
  39:Core/Src/MainApp.c **** 
  40:Core/Src/MainApp.c **** /* USER CODE END PM */
  41:Core/Src/MainApp.c **** 
  42:Core/Src/MainApp.c **** /* Private variables ---------------------------------------------------------*/
  43:Core/Src/MainApp.c **** 
  44:Core/Src/MainApp.c **** /* USER CODE BEGIN PV */
  45:Core/Src/MainApp.c **** 
  46:Core/Src/MainApp.c **** /* USER CODE END PV */
  47:Core/Src/MainApp.c **** 
  48:Core/Src/MainApp.c **** /* Private function prototypes -----------------------------------------------*/
  49:Core/Src/MainApp.c **** void SystemClock_Config(void);
  50:Core/Src/MainApp.c **** static void MX_GPIO_Init(void);
  51:Core/Src/MainApp.c **** /* USER CODE BEGIN PFP */
  52:Core/Src/MainApp.c **** 
  53:Core/Src/MainApp.c **** /* USER CODE END PFP */
  54:Core/Src/MainApp.c **** 
  55:Core/Src/MainApp.c **** /* Private user code ---------------------------------------------------------*/
  56:Core/Src/MainApp.c **** /* USER CODE BEGIN 0 */
  57:Core/Src/MainApp.c **** 
  58:Core/Src/MainApp.c **** /* USER CODE END 0 */
  59:Core/Src/MainApp.c **** 
  60:Core/Src/MainApp.c **** /**
  61:Core/Src/MainApp.c ****   * @brief  The application entry point.
  62:Core/Src/MainApp.c ****   * @retval int
  63:Core/Src/MainApp.c ****   */
  64:Core/Src/MainApp.c **** int main(void)
  65:Core/Src/MainApp.c **** {
  66:Core/Src/MainApp.c ****   /* USER CODE BEGIN 1 */
  67:Core/Src/MainApp.c **** //test++;
  68:Core/Src/MainApp.c ****   /* USER CODE END 1 */
  69:Core/Src/MainApp.c **** 
  70:Core/Src/MainApp.c ****   /* MCU Configuration--------------------------------------------------------*/
  71:Core/Src/MainApp.c **** 
  72:Core/Src/MainApp.c ****   /* Reset of all peripherals, Initializes the Flash interface and the Systick. */
  73:Core/Src/MainApp.c ****   HAL_Init();
  74:Core/Src/MainApp.c **** 
  75:Core/Src/MainApp.c ****   /* USER CODE BEGIN Init */
  76:Core/Src/MainApp.c **** 
  77:Core/Src/MainApp.c ****   //int test =125;
  78:Core/Src/MainApp.c ****   /* USER CODE END Init */
  79:Core/Src/MainApp.c **** 
  80:Core/Src/MainApp.c ****   /* Configure the system clock */
  81:Core/Src/MainApp.c ****   SystemClock_Config();
  82:Core/Src/MainApp.c **** 
  83:Core/Src/MainApp.c ****   /* USER CODE BEGIN SysInit */
  84:Core/Src/MainApp.c **** 
  85:Core/Src/MainApp.c ****   /* USER CODE END SysInit */
  86:Core/Src/MainApp.c **** 
  87:Core/Src/MainApp.c ****   /* Initialize all configured peripherals */
  88:Core/Src/MainApp.c ****   MX_GPIO_Init();
  89:Core/Src/MainApp.c ****   /* USER CODE BEGIN 2 */
  90:Core/Src/MainApp.c **** 
ARM GAS  C:\Users\T470S\AppData\Local\Temp\ccGoGX5H.s 			page 3


  91:Core/Src/MainApp.c ****   /* USER CODE END 2 */
  92:Core/Src/MainApp.c **** 
  93:Core/Src/MainApp.c ****   /* Infinite loop */
  94:Core/Src/MainApp.c ****   /* USER CODE BEGIN WHILE */
  95:Core/Src/MainApp.c ****   while (1)
  96:Core/Src/MainApp.c ****   {
  97:Core/Src/MainApp.c ****     /* USER CODE END WHILE */
  98:Core/Src/MainApp.c **** 	HAL_GPIO_TogglePin(GPIOA,GPIO_PIN_4);
  99:Core/Src/MainApp.c **** 	HAL_Delay(700);
 100:Core/Src/MainApp.c ****     /* USER CODE BEGIN 3 */
 101:Core/Src/MainApp.c ****   }
 102:Core/Src/MainApp.c ****   /* USER CODE END 3 */
 103:Core/Src/MainApp.c **** }
 104:Core/Src/MainApp.c **** 
 105:Core/Src/MainApp.c **** /**
 106:Core/Src/MainApp.c ****   * @brief System Clock Configuration
 107:Core/Src/MainApp.c ****   * @retval None
 108:Core/Src/MainApp.c ****   */
 109:Core/Src/MainApp.c **** void SystemClock_Config(void)
 110:Core/Src/MainApp.c **** {
 111:Core/Src/MainApp.c ****   RCC_OscInitTypeDef RCC_OscInitStruct = {0};
 112:Core/Src/MainApp.c ****   RCC_ClkInitTypeDef RCC_ClkInitStruct = {0};
 113:Core/Src/MainApp.c **** 
 114:Core/Src/MainApp.c ****   /** Initializes the RCC Oscillators according to the specified parameters
 115:Core/Src/MainApp.c ****   * in the RCC_OscInitTypeDef structure.
 116:Core/Src/MainApp.c ****   */
 117:Core/Src/MainApp.c ****   RCC_OscInitStruct.OscillatorType = RCC_OSCILLATORTYPE_HSI;
 118:Core/Src/MainApp.c ****   RCC_OscInitStruct.HSIState = RCC_HSI_ON;
 119:Core/Src/MainApp.c ****   RCC_OscInitStruct.HSICalibrationValue = RCC_HSICALIBRATION_DEFAULT;
 120:Core/Src/MainApp.c ****   RCC_OscInitStruct.PLL.PLLState = RCC_PLL_NONE;
 121:Core/Src/MainApp.c ****   if (HAL_RCC_OscConfig(&RCC_OscInitStruct) != HAL_OK)
 122:Core/Src/MainApp.c ****   {
 123:Core/Src/MainApp.c ****     Error_Handler();
 124:Core/Src/MainApp.c ****   }
 125:Core/Src/MainApp.c ****   /** Initializes the CPU, AHB and APB buses clocks
 126:Core/Src/MainApp.c ****   */
 127:Core/Src/MainApp.c ****   RCC_ClkInitStruct.ClockType = RCC_CLOCKTYPE_HCLK|RCC_CLOCKTYPE_SYSCLK
 128:Core/Src/MainApp.c ****                               |RCC_CLOCKTYPE_PCLK1|RCC_CLOCKTYPE_PCLK2;
 129:Core/Src/MainApp.c ****   RCC_ClkInitStruct.SYSCLKSource = RCC_SYSCLKSOURCE_HSI;
 130:Core/Src/MainApp.c ****   RCC_ClkInitStruct.AHBCLKDivider = RCC_SYSCLK_DIV1;
 131:Core/Src/MainApp.c ****   RCC_ClkInitStruct.APB1CLKDivider = RCC_HCLK_DIV1;
 132:Core/Src/MainApp.c ****   RCC_ClkInitStruct.APB2CLKDivider = RCC_HCLK_DIV1;
 133:Core/Src/MainApp.c **** 
 134:Core/Src/MainApp.c ****   if (HAL_RCC_ClockConfig(&RCC_ClkInitStruct, FLASH_LATENCY_0) != HAL_OK)
 135:Core/Src/MainApp.c ****   {
 136:Core/Src/MainApp.c ****     Error_Handler();
 137:Core/Src/MainApp.c ****   }
 138:Core/Src/MainApp.c **** }
 139:Core/Src/MainApp.c **** 
 140:Core/Src/MainApp.c **** /**
 141:Core/Src/MainApp.c ****   * @brief GPIO Initialization Function
 142:Core/Src/MainApp.c ****   * @param None
 143:Core/Src/MainApp.c ****   * @retval None
 144:Core/Src/MainApp.c ****   */
 145:Core/Src/MainApp.c **** static void MX_GPIO_Init(void)
 146:Core/Src/MainApp.c **** {
  26              		.loc 1 146 1 view -0
ARM GAS  C:\Users\T470S\AppData\Local\Temp\ccGoGX5H.s 			page 4


  27              		.cfi_startproc
  28              		@ args = 0, pretend = 0, frame = 24
  29              		@ frame_needed = 0, uses_anonymous_args = 0
  30 0000 30B5     		push	{r4, r5, lr}
  31              	.LCFI0:
  32              		.cfi_def_cfa_offset 12
  33              		.cfi_offset 4, -12
  34              		.cfi_offset 5, -8
  35              		.cfi_offset 14, -4
  36 0002 87B0     		sub	sp, sp, #28
  37              	.LCFI1:
  38              		.cfi_def_cfa_offset 40
 147:Core/Src/MainApp.c ****   GPIO_InitTypeDef GPIO_InitStruct = {0};
  39              		.loc 1 147 3 view .LVU1
  40              		.loc 1 147 20 is_stmt 0 view .LVU2
  41 0004 0024     		movs	r4, #0
  42 0006 0294     		str	r4, [sp, #8]
  43 0008 0394     		str	r4, [sp, #12]
  44 000a 0494     		str	r4, [sp, #16]
  45 000c 0594     		str	r4, [sp, #20]
 148:Core/Src/MainApp.c **** 
 149:Core/Src/MainApp.c ****   /* GPIO Ports Clock Enable */
 150:Core/Src/MainApp.c ****   __HAL_RCC_GPIOA_CLK_ENABLE();
  46              		.loc 1 150 3 is_stmt 1 view .LVU3
  47              	.LBB4:
  48              		.loc 1 150 3 view .LVU4
  49              		.loc 1 150 3 view .LVU5
  50 000e 1C4B     		ldr	r3, .L3
  51 0010 9A69     		ldr	r2, [r3, #24]
  52 0012 42F00402 		orr	r2, r2, #4
  53 0016 9A61     		str	r2, [r3, #24]
  54              		.loc 1 150 3 view .LVU6
  55 0018 9A69     		ldr	r2, [r3, #24]
  56 001a 02F00402 		and	r2, r2, #4
  57 001e 0092     		str	r2, [sp]
  58              		.loc 1 150 3 view .LVU7
  59 0020 009A     		ldr	r2, [sp]
  60              	.LBE4:
  61              		.loc 1 150 3 view .LVU8
 151:Core/Src/MainApp.c ****   __HAL_RCC_GPIOB_CLK_ENABLE();
  62              		.loc 1 151 3 view .LVU9
  63              	.LBB5:
  64              		.loc 1 151 3 view .LVU10
  65              		.loc 1 151 3 view .LVU11
  66 0022 9A69     		ldr	r2, [r3, #24]
  67 0024 42F00802 		orr	r2, r2, #8
  68 0028 9A61     		str	r2, [r3, #24]
  69              		.loc 1 151 3 view .LVU12
  70 002a 9B69     		ldr	r3, [r3, #24]
  71 002c 03F00803 		and	r3, r3, #8
  72 0030 0193     		str	r3, [sp, #4]
  73              		.loc 1 151 3 view .LVU13
  74 0032 019B     		ldr	r3, [sp, #4]
  75              	.LBE5:
  76              		.loc 1 151 3 view .LVU14
 152:Core/Src/MainApp.c **** 
 153:Core/Src/MainApp.c ****   /*Configure GPIO pin Output Level */
ARM GAS  C:\Users\T470S\AppData\Local\Temp\ccGoGX5H.s 			page 5


 154:Core/Src/MainApp.c ****   HAL_GPIO_WritePin(GPIOA, GPIO_PIN_4, GPIO_PIN_RESET);
  77              		.loc 1 154 3 view .LVU15
  78 0034 134D     		ldr	r5, .L3+4
  79 0036 2246     		mov	r2, r4
  80 0038 1021     		movs	r1, #16
  81 003a 2846     		mov	r0, r5
  82 003c FFF7FEFF 		bl	HAL_GPIO_WritePin
  83              	.LVL0:
 155:Core/Src/MainApp.c **** 
 156:Core/Src/MainApp.c ****   /*Configure GPIO pin : PA4 */
 157:Core/Src/MainApp.c ****   GPIO_InitStruct.Pin = GPIO_PIN_4;
  84              		.loc 1 157 3 view .LVU16
  85              		.loc 1 157 23 is_stmt 0 view .LVU17
  86 0040 1023     		movs	r3, #16
  87 0042 0293     		str	r3, [sp, #8]
 158:Core/Src/MainApp.c ****   GPIO_InitStruct.Mode = GPIO_MODE_OUTPUT_PP;
  88              		.loc 1 158 3 is_stmt 1 view .LVU18
  89              		.loc 1 158 24 is_stmt 0 view .LVU19
  90 0044 0123     		movs	r3, #1
  91 0046 0393     		str	r3, [sp, #12]
 159:Core/Src/MainApp.c ****   GPIO_InitStruct.Pull = GPIO_NOPULL;
  92              		.loc 1 159 3 is_stmt 1 view .LVU20
  93              		.loc 1 159 24 is_stmt 0 view .LVU21
  94 0048 0494     		str	r4, [sp, #16]
 160:Core/Src/MainApp.c ****   GPIO_InitStruct.Speed = GPIO_SPEED_FREQ_LOW;
  95              		.loc 1 160 3 is_stmt 1 view .LVU22
  96              		.loc 1 160 25 is_stmt 0 view .LVU23
  97 004a 0223     		movs	r3, #2
  98 004c 0593     		str	r3, [sp, #20]
 161:Core/Src/MainApp.c ****   HAL_GPIO_Init(GPIOA, &GPIO_InitStruct);
  99              		.loc 1 161 3 is_stmt 1 view .LVU24
 100 004e 02A9     		add	r1, sp, #8
 101 0050 2846     		mov	r0, r5
 102 0052 FFF7FEFF 		bl	HAL_GPIO_Init
 103              	.LVL1:
 162:Core/Src/MainApp.c **** 
 163:Core/Src/MainApp.c ****   /*Configure GPIO pin : PB12 */
 164:Core/Src/MainApp.c ****   GPIO_InitStruct.Pin = GPIO_PIN_12;
 104              		.loc 1 164 3 view .LVU25
 105              		.loc 1 164 23 is_stmt 0 view .LVU26
 106 0056 4FF48053 		mov	r3, #4096
 107 005a 0293     		str	r3, [sp, #8]
 165:Core/Src/MainApp.c ****   GPIO_InitStruct.Mode = GPIO_MODE_IT_RISING;
 108              		.loc 1 165 3 is_stmt 1 view .LVU27
 109              		.loc 1 165 24 is_stmt 0 view .LVU28
 110 005c 0A4B     		ldr	r3, .L3+8
 111 005e 0393     		str	r3, [sp, #12]
 166:Core/Src/MainApp.c ****   GPIO_InitStruct.Pull = GPIO_NOPULL;
 112              		.loc 1 166 3 is_stmt 1 view .LVU29
 113              		.loc 1 166 24 is_stmt 0 view .LVU30
 114 0060 0494     		str	r4, [sp, #16]
 167:Core/Src/MainApp.c ****   HAL_GPIO_Init(GPIOB, &GPIO_InitStruct);
 115              		.loc 1 167 3 is_stmt 1 view .LVU31
 116 0062 02A9     		add	r1, sp, #8
 117 0064 0948     		ldr	r0, .L3+12
 118 0066 FFF7FEFF 		bl	HAL_GPIO_Init
 119              	.LVL2:
ARM GAS  C:\Users\T470S\AppData\Local\Temp\ccGoGX5H.s 			page 6


 168:Core/Src/MainApp.c **** 
 169:Core/Src/MainApp.c ****   /* EXTI interrupt init*/
 170:Core/Src/MainApp.c ****   HAL_NVIC_SetPriority(EXTI15_10_IRQn, 0, 0);
 120              		.loc 1 170 3 view .LVU32
 121 006a 2246     		mov	r2, r4
 122 006c 2146     		mov	r1, r4
 123 006e 2820     		movs	r0, #40
 124 0070 FFF7FEFF 		bl	HAL_NVIC_SetPriority
 125              	.LVL3:
 171:Core/Src/MainApp.c ****   HAL_NVIC_EnableIRQ(EXTI15_10_IRQn);
 126              		.loc 1 171 3 view .LVU33
 127 0074 2820     		movs	r0, #40
 128 0076 FFF7FEFF 		bl	HAL_NVIC_EnableIRQ
 129              	.LVL4:
 172:Core/Src/MainApp.c **** 
 173:Core/Src/MainApp.c **** }
 130              		.loc 1 173 1 is_stmt 0 view .LVU34
 131 007a 07B0     		add	sp, sp, #28
 132              	.LCFI2:
 133              		.cfi_def_cfa_offset 12
 134              		@ sp needed
 135 007c 30BD     		pop	{r4, r5, pc}
 136              	.L4:
 137 007e 00BF     		.align	2
 138              	.L3:
 139 0080 00100240 		.word	1073876992
 140 0084 00080140 		.word	1073809408
 141 0088 00001110 		.word	269549568
 142 008c 000C0140 		.word	1073810432
 143              		.cfi_endproc
 144              	.LFE67:
 146              		.section	.text.Error_Handler,"ax",%progbits
 147              		.align	1
 148              		.global	Error_Handler
 149              		.syntax unified
 150              		.thumb
 151              		.thumb_func
 152              		.fpu softvfp
 154              	Error_Handler:
 155              	.LFB68:
 174:Core/Src/MainApp.c **** 
 175:Core/Src/MainApp.c **** /* USER CODE BEGIN 4 */
 176:Core/Src/MainApp.c **** 
 177:Core/Src/MainApp.c **** /* USER CODE END 4 */
 178:Core/Src/MainApp.c **** 
 179:Core/Src/MainApp.c **** /**
 180:Core/Src/MainApp.c ****   * @brief  This function is executed in case of error occurrence.
 181:Core/Src/MainApp.c ****   * @retval None
 182:Core/Src/MainApp.c ****   */
 183:Core/Src/MainApp.c **** void Error_Handler(void)
 184:Core/Src/MainApp.c **** {
 156              		.loc 1 184 1 is_stmt 1 view -0
 157              		.cfi_startproc
 158              		@ Volatile: function does not return.
 159              		@ args = 0, pretend = 0, frame = 0
 160              		@ frame_needed = 0, uses_anonymous_args = 0
 161              		@ link register save eliminated.
ARM GAS  C:\Users\T470S\AppData\Local\Temp\ccGoGX5H.s 			page 7


 185:Core/Src/MainApp.c ****   /* USER CODE BEGIN Error_Handler_Debug */
 186:Core/Src/MainApp.c ****   /* User can add his own implementation to report the HAL error return state */
 187:Core/Src/MainApp.c ****   __disable_irq();
 162              		.loc 1 187 3 view .LVU36
 163              	.LBB6:
 164              	.LBI6:
 165              		.file 2 "Drivers/CMSIS/Include/cmsis_gcc.h"
   1:Drivers/CMSIS/Include/cmsis_gcc.h **** /**************************************************************************//**
   2:Drivers/CMSIS/Include/cmsis_gcc.h ****  * @file     cmsis_gcc.h
   3:Drivers/CMSIS/Include/cmsis_gcc.h ****  * @brief    CMSIS compiler GCC header file
   4:Drivers/CMSIS/Include/cmsis_gcc.h ****  * @version  V5.0.4
   5:Drivers/CMSIS/Include/cmsis_gcc.h ****  * @date     09. April 2018
   6:Drivers/CMSIS/Include/cmsis_gcc.h ****  ******************************************************************************/
   7:Drivers/CMSIS/Include/cmsis_gcc.h **** /*
   8:Drivers/CMSIS/Include/cmsis_gcc.h ****  * Copyright (c) 2009-2018 Arm Limited. All rights reserved.
   9:Drivers/CMSIS/Include/cmsis_gcc.h ****  *
  10:Drivers/CMSIS/Include/cmsis_gcc.h ****  * SPDX-License-Identifier: Apache-2.0
  11:Drivers/CMSIS/Include/cmsis_gcc.h ****  *
  12:Drivers/CMSIS/Include/cmsis_gcc.h ****  * Licensed under the Apache License, Version 2.0 (the License); you may
  13:Drivers/CMSIS/Include/cmsis_gcc.h ****  * not use this file except in compliance with the License.
  14:Drivers/CMSIS/Include/cmsis_gcc.h ****  * You may obtain a copy of the License at
  15:Drivers/CMSIS/Include/cmsis_gcc.h ****  *
  16:Drivers/CMSIS/Include/cmsis_gcc.h ****  * www.apache.org/licenses/LICENSE-2.0
  17:Drivers/CMSIS/Include/cmsis_gcc.h ****  *
  18:Drivers/CMSIS/Include/cmsis_gcc.h ****  * Unless required by applicable law or agreed to in writing, software
  19:Drivers/CMSIS/Include/cmsis_gcc.h ****  * distributed under the License is distributed on an AS IS BASIS, WITHOUT
  20:Drivers/CMSIS/Include/cmsis_gcc.h ****  * WARRANTIES OR CONDITIONS OF ANY KIND, either express or implied.
  21:Drivers/CMSIS/Include/cmsis_gcc.h ****  * See the License for the specific language governing permissions and
  22:Drivers/CMSIS/Include/cmsis_gcc.h ****  * limitations under the License.
  23:Drivers/CMSIS/Include/cmsis_gcc.h ****  */
  24:Drivers/CMSIS/Include/cmsis_gcc.h **** 
  25:Drivers/CMSIS/Include/cmsis_gcc.h **** #ifndef __CMSIS_GCC_H
  26:Drivers/CMSIS/Include/cmsis_gcc.h **** #define __CMSIS_GCC_H
  27:Drivers/CMSIS/Include/cmsis_gcc.h **** 
  28:Drivers/CMSIS/Include/cmsis_gcc.h **** /* ignore some GCC warnings */
  29:Drivers/CMSIS/Include/cmsis_gcc.h **** #pragma GCC diagnostic push
  30:Drivers/CMSIS/Include/cmsis_gcc.h **** #pragma GCC diagnostic ignored "-Wsign-conversion"
  31:Drivers/CMSIS/Include/cmsis_gcc.h **** #pragma GCC diagnostic ignored "-Wconversion"
  32:Drivers/CMSIS/Include/cmsis_gcc.h **** #pragma GCC diagnostic ignored "-Wunused-parameter"
  33:Drivers/CMSIS/Include/cmsis_gcc.h **** 
  34:Drivers/CMSIS/Include/cmsis_gcc.h **** /* Fallback for __has_builtin */
  35:Drivers/CMSIS/Include/cmsis_gcc.h **** #ifndef __has_builtin
  36:Drivers/CMSIS/Include/cmsis_gcc.h ****   #define __has_builtin(x) (0)
  37:Drivers/CMSIS/Include/cmsis_gcc.h **** #endif
  38:Drivers/CMSIS/Include/cmsis_gcc.h **** 
  39:Drivers/CMSIS/Include/cmsis_gcc.h **** /* CMSIS compiler specific defines */
  40:Drivers/CMSIS/Include/cmsis_gcc.h **** #ifndef   __ASM
  41:Drivers/CMSIS/Include/cmsis_gcc.h ****   #define __ASM                                  __asm
  42:Drivers/CMSIS/Include/cmsis_gcc.h **** #endif
  43:Drivers/CMSIS/Include/cmsis_gcc.h **** #ifndef   __INLINE
  44:Drivers/CMSIS/Include/cmsis_gcc.h ****   #define __INLINE                               inline
  45:Drivers/CMSIS/Include/cmsis_gcc.h **** #endif
  46:Drivers/CMSIS/Include/cmsis_gcc.h **** #ifndef   __STATIC_INLINE
  47:Drivers/CMSIS/Include/cmsis_gcc.h ****   #define __STATIC_INLINE                        static inline
  48:Drivers/CMSIS/Include/cmsis_gcc.h **** #endif
  49:Drivers/CMSIS/Include/cmsis_gcc.h **** #ifndef   __STATIC_FORCEINLINE                 
  50:Drivers/CMSIS/Include/cmsis_gcc.h ****   #define __STATIC_FORCEINLINE                   __attribute__((always_inline)) static inline
ARM GAS  C:\Users\T470S\AppData\Local\Temp\ccGoGX5H.s 			page 8


  51:Drivers/CMSIS/Include/cmsis_gcc.h **** #endif                                           
  52:Drivers/CMSIS/Include/cmsis_gcc.h **** #ifndef   __NO_RETURN
  53:Drivers/CMSIS/Include/cmsis_gcc.h ****   #define __NO_RETURN                            __attribute__((__noreturn__))
  54:Drivers/CMSIS/Include/cmsis_gcc.h **** #endif
  55:Drivers/CMSIS/Include/cmsis_gcc.h **** #ifndef   __USED
  56:Drivers/CMSIS/Include/cmsis_gcc.h ****   #define __USED                                 __attribute__((used))
  57:Drivers/CMSIS/Include/cmsis_gcc.h **** #endif
  58:Drivers/CMSIS/Include/cmsis_gcc.h **** #ifndef   __WEAK
  59:Drivers/CMSIS/Include/cmsis_gcc.h ****   #define __WEAK                                 __attribute__((weak))
  60:Drivers/CMSIS/Include/cmsis_gcc.h **** #endif
  61:Drivers/CMSIS/Include/cmsis_gcc.h **** #ifndef   __PACKED
  62:Drivers/CMSIS/Include/cmsis_gcc.h ****   #define __PACKED                               __attribute__((packed, aligned(1)))
  63:Drivers/CMSIS/Include/cmsis_gcc.h **** #endif
  64:Drivers/CMSIS/Include/cmsis_gcc.h **** #ifndef   __PACKED_STRUCT
  65:Drivers/CMSIS/Include/cmsis_gcc.h ****   #define __PACKED_STRUCT                        struct __attribute__((packed, aligned(1)))
  66:Drivers/CMSIS/Include/cmsis_gcc.h **** #endif
  67:Drivers/CMSIS/Include/cmsis_gcc.h **** #ifndef   __PACKED_UNION
  68:Drivers/CMSIS/Include/cmsis_gcc.h ****   #define __PACKED_UNION                         union __attribute__((packed, aligned(1)))
  69:Drivers/CMSIS/Include/cmsis_gcc.h **** #endif
  70:Drivers/CMSIS/Include/cmsis_gcc.h **** #ifndef   __UNALIGNED_UINT32        /* deprecated */
  71:Drivers/CMSIS/Include/cmsis_gcc.h ****   #pragma GCC diagnostic push
  72:Drivers/CMSIS/Include/cmsis_gcc.h ****   #pragma GCC diagnostic ignored "-Wpacked"
  73:Drivers/CMSIS/Include/cmsis_gcc.h ****   #pragma GCC diagnostic ignored "-Wattributes"
  74:Drivers/CMSIS/Include/cmsis_gcc.h ****   struct __attribute__((packed)) T_UINT32 { uint32_t v; };
  75:Drivers/CMSIS/Include/cmsis_gcc.h ****   #pragma GCC diagnostic pop
  76:Drivers/CMSIS/Include/cmsis_gcc.h ****   #define __UNALIGNED_UINT32(x)                  (((struct T_UINT32 *)(x))->v)
  77:Drivers/CMSIS/Include/cmsis_gcc.h **** #endif
  78:Drivers/CMSIS/Include/cmsis_gcc.h **** #ifndef   __UNALIGNED_UINT16_WRITE
  79:Drivers/CMSIS/Include/cmsis_gcc.h ****   #pragma GCC diagnostic push
  80:Drivers/CMSIS/Include/cmsis_gcc.h ****   #pragma GCC diagnostic ignored "-Wpacked"
  81:Drivers/CMSIS/Include/cmsis_gcc.h ****   #pragma GCC diagnostic ignored "-Wattributes"
  82:Drivers/CMSIS/Include/cmsis_gcc.h ****   __PACKED_STRUCT T_UINT16_WRITE { uint16_t v; };
  83:Drivers/CMSIS/Include/cmsis_gcc.h ****   #pragma GCC diagnostic pop
  84:Drivers/CMSIS/Include/cmsis_gcc.h ****   #define __UNALIGNED_UINT16_WRITE(addr, val)    (void)((((struct T_UINT16_WRITE *)(void *)(addr))-
  85:Drivers/CMSIS/Include/cmsis_gcc.h **** #endif
  86:Drivers/CMSIS/Include/cmsis_gcc.h **** #ifndef   __UNALIGNED_UINT16_READ
  87:Drivers/CMSIS/Include/cmsis_gcc.h ****   #pragma GCC diagnostic push
  88:Drivers/CMSIS/Include/cmsis_gcc.h ****   #pragma GCC diagnostic ignored "-Wpacked"
  89:Drivers/CMSIS/Include/cmsis_gcc.h ****   #pragma GCC diagnostic ignored "-Wattributes"
  90:Drivers/CMSIS/Include/cmsis_gcc.h ****   __PACKED_STRUCT T_UINT16_READ { uint16_t v; };
  91:Drivers/CMSIS/Include/cmsis_gcc.h ****   #pragma GCC diagnostic pop
  92:Drivers/CMSIS/Include/cmsis_gcc.h ****   #define __UNALIGNED_UINT16_READ(addr)          (((const struct T_UINT16_READ *)(const void *)(add
  93:Drivers/CMSIS/Include/cmsis_gcc.h **** #endif
  94:Drivers/CMSIS/Include/cmsis_gcc.h **** #ifndef   __UNALIGNED_UINT32_WRITE
  95:Drivers/CMSIS/Include/cmsis_gcc.h ****   #pragma GCC diagnostic push
  96:Drivers/CMSIS/Include/cmsis_gcc.h ****   #pragma GCC diagnostic ignored "-Wpacked"
  97:Drivers/CMSIS/Include/cmsis_gcc.h ****   #pragma GCC diagnostic ignored "-Wattributes"
  98:Drivers/CMSIS/Include/cmsis_gcc.h ****   __PACKED_STRUCT T_UINT32_WRITE { uint32_t v; };
  99:Drivers/CMSIS/Include/cmsis_gcc.h ****   #pragma GCC diagnostic pop
 100:Drivers/CMSIS/Include/cmsis_gcc.h ****   #define __UNALIGNED_UINT32_WRITE(addr, val)    (void)((((struct T_UINT32_WRITE *)(void *)(addr))-
 101:Drivers/CMSIS/Include/cmsis_gcc.h **** #endif
 102:Drivers/CMSIS/Include/cmsis_gcc.h **** #ifndef   __UNALIGNED_UINT32_READ
 103:Drivers/CMSIS/Include/cmsis_gcc.h ****   #pragma GCC diagnostic push
 104:Drivers/CMSIS/Include/cmsis_gcc.h ****   #pragma GCC diagnostic ignored "-Wpacked"
 105:Drivers/CMSIS/Include/cmsis_gcc.h ****   #pragma GCC diagnostic ignored "-Wattributes"
 106:Drivers/CMSIS/Include/cmsis_gcc.h ****   __PACKED_STRUCT T_UINT32_READ { uint32_t v; };
 107:Drivers/CMSIS/Include/cmsis_gcc.h ****   #pragma GCC diagnostic pop
ARM GAS  C:\Users\T470S\AppData\Local\Temp\ccGoGX5H.s 			page 9


 108:Drivers/CMSIS/Include/cmsis_gcc.h ****   #define __UNALIGNED_UINT32_READ(addr)          (((const struct T_UINT32_READ *)(const void *)(add
 109:Drivers/CMSIS/Include/cmsis_gcc.h **** #endif
 110:Drivers/CMSIS/Include/cmsis_gcc.h **** #ifndef   __ALIGNED
 111:Drivers/CMSIS/Include/cmsis_gcc.h ****   #define __ALIGNED(x)                           __attribute__((aligned(x)))
 112:Drivers/CMSIS/Include/cmsis_gcc.h **** #endif
 113:Drivers/CMSIS/Include/cmsis_gcc.h **** #ifndef   __RESTRICT
 114:Drivers/CMSIS/Include/cmsis_gcc.h ****   #define __RESTRICT                             __restrict
 115:Drivers/CMSIS/Include/cmsis_gcc.h **** #endif
 116:Drivers/CMSIS/Include/cmsis_gcc.h **** 
 117:Drivers/CMSIS/Include/cmsis_gcc.h **** 
 118:Drivers/CMSIS/Include/cmsis_gcc.h **** /* ###########################  Core Function Access  ########################### */
 119:Drivers/CMSIS/Include/cmsis_gcc.h **** /** \ingroup  CMSIS_Core_FunctionInterface
 120:Drivers/CMSIS/Include/cmsis_gcc.h ****     \defgroup CMSIS_Core_RegAccFunctions CMSIS Core Register Access Functions
 121:Drivers/CMSIS/Include/cmsis_gcc.h ****   @{
 122:Drivers/CMSIS/Include/cmsis_gcc.h ****  */
 123:Drivers/CMSIS/Include/cmsis_gcc.h **** 
 124:Drivers/CMSIS/Include/cmsis_gcc.h **** /**
 125:Drivers/CMSIS/Include/cmsis_gcc.h ****   \brief   Enable IRQ Interrupts
 126:Drivers/CMSIS/Include/cmsis_gcc.h ****   \details Enables IRQ interrupts by clearing the I-bit in the CPSR.
 127:Drivers/CMSIS/Include/cmsis_gcc.h ****            Can only be executed in Privileged modes.
 128:Drivers/CMSIS/Include/cmsis_gcc.h ****  */
 129:Drivers/CMSIS/Include/cmsis_gcc.h **** __STATIC_FORCEINLINE void __enable_irq(void)
 130:Drivers/CMSIS/Include/cmsis_gcc.h **** {
 131:Drivers/CMSIS/Include/cmsis_gcc.h ****   __ASM volatile ("cpsie i" : : : "memory");
 132:Drivers/CMSIS/Include/cmsis_gcc.h **** }
 133:Drivers/CMSIS/Include/cmsis_gcc.h **** 
 134:Drivers/CMSIS/Include/cmsis_gcc.h **** 
 135:Drivers/CMSIS/Include/cmsis_gcc.h **** /**
 136:Drivers/CMSIS/Include/cmsis_gcc.h ****   \brief   Disable IRQ Interrupts
 137:Drivers/CMSIS/Include/cmsis_gcc.h ****   \details Disables IRQ interrupts by setting the I-bit in the CPSR.
 138:Drivers/CMSIS/Include/cmsis_gcc.h ****            Can only be executed in Privileged modes.
 139:Drivers/CMSIS/Include/cmsis_gcc.h ****  */
 140:Drivers/CMSIS/Include/cmsis_gcc.h **** __STATIC_FORCEINLINE void __disable_irq(void)
 166              		.loc 2 140 27 view .LVU37
 167              	.LBB7:
 141:Drivers/CMSIS/Include/cmsis_gcc.h **** {
 142:Drivers/CMSIS/Include/cmsis_gcc.h ****   __ASM volatile ("cpsid i" : : : "memory");
 168              		.loc 2 142 3 view .LVU38
 169              		.syntax unified
 170              	@ 142 "Drivers/CMSIS/Include/cmsis_gcc.h" 1
 171 0000 72B6     		cpsid i
 172              	@ 0 "" 2
 173              		.thumb
 174              		.syntax unified
 175              	.L6:
 176              	.LBE7:
 177              	.LBE6:
 188:Core/Src/MainApp.c ****   while (1)
 178              		.loc 1 188 3 discriminator 1 view .LVU39
 189:Core/Src/MainApp.c ****   {
 190:Core/Src/MainApp.c ****   }
 179              		.loc 1 190 3 discriminator 1 view .LVU40
 188:Core/Src/MainApp.c ****   while (1)
 180              		.loc 1 188 9 discriminator 1 view .LVU41
 181 0002 FEE7     		b	.L6
 182              		.cfi_endproc
 183              	.LFE68:
ARM GAS  C:\Users\T470S\AppData\Local\Temp\ccGoGX5H.s 			page 10


 185              		.section	.text.SystemClock_Config,"ax",%progbits
 186              		.align	1
 187              		.global	SystemClock_Config
 188              		.syntax unified
 189              		.thumb
 190              		.thumb_func
 191              		.fpu softvfp
 193              	SystemClock_Config:
 194              	.LFB66:
 110:Core/Src/MainApp.c ****   RCC_OscInitTypeDef RCC_OscInitStruct = {0};
 195              		.loc 1 110 1 view -0
 196              		.cfi_startproc
 197              		@ args = 0, pretend = 0, frame = 64
 198              		@ frame_needed = 0, uses_anonymous_args = 0
 199 0000 00B5     		push	{lr}
 200              	.LCFI3:
 201              		.cfi_def_cfa_offset 4
 202              		.cfi_offset 14, -4
 203 0002 91B0     		sub	sp, sp, #68
 204              	.LCFI4:
 205              		.cfi_def_cfa_offset 72
 111:Core/Src/MainApp.c ****   RCC_ClkInitTypeDef RCC_ClkInitStruct = {0};
 206              		.loc 1 111 3 view .LVU43
 111:Core/Src/MainApp.c ****   RCC_ClkInitTypeDef RCC_ClkInitStruct = {0};
 207              		.loc 1 111 22 is_stmt 0 view .LVU44
 208 0004 2822     		movs	r2, #40
 209 0006 0021     		movs	r1, #0
 210 0008 06A8     		add	r0, sp, #24
 211 000a FFF7FEFF 		bl	memset
 212              	.LVL5:
 112:Core/Src/MainApp.c **** 
 213              		.loc 1 112 3 is_stmt 1 view .LVU45
 112:Core/Src/MainApp.c **** 
 214              		.loc 1 112 22 is_stmt 0 view .LVU46
 215 000e 0023     		movs	r3, #0
 216 0010 0193     		str	r3, [sp, #4]
 217 0012 0293     		str	r3, [sp, #8]
 218 0014 0393     		str	r3, [sp, #12]
 219 0016 0493     		str	r3, [sp, #16]
 220 0018 0593     		str	r3, [sp, #20]
 117:Core/Src/MainApp.c ****   RCC_OscInitStruct.HSIState = RCC_HSI_ON;
 221              		.loc 1 117 3 is_stmt 1 view .LVU47
 117:Core/Src/MainApp.c ****   RCC_OscInitStruct.HSIState = RCC_HSI_ON;
 222              		.loc 1 117 36 is_stmt 0 view .LVU48
 223 001a 0223     		movs	r3, #2
 224 001c 0693     		str	r3, [sp, #24]
 118:Core/Src/MainApp.c ****   RCC_OscInitStruct.HSICalibrationValue = RCC_HSICALIBRATION_DEFAULT;
 225              		.loc 1 118 3 is_stmt 1 view .LVU49
 118:Core/Src/MainApp.c ****   RCC_OscInitStruct.HSICalibrationValue = RCC_HSICALIBRATION_DEFAULT;
 226              		.loc 1 118 30 is_stmt 0 view .LVU50
 227 001e 0123     		movs	r3, #1
 228 0020 0A93     		str	r3, [sp, #40]
 119:Core/Src/MainApp.c ****   RCC_OscInitStruct.PLL.PLLState = RCC_PLL_NONE;
 229              		.loc 1 119 3 is_stmt 1 view .LVU51
 119:Core/Src/MainApp.c ****   RCC_OscInitStruct.PLL.PLLState = RCC_PLL_NONE;
 230              		.loc 1 119 41 is_stmt 0 view .LVU52
 231 0022 1023     		movs	r3, #16
ARM GAS  C:\Users\T470S\AppData\Local\Temp\ccGoGX5H.s 			page 11


 232 0024 0B93     		str	r3, [sp, #44]
 120:Core/Src/MainApp.c ****   if (HAL_RCC_OscConfig(&RCC_OscInitStruct) != HAL_OK)
 233              		.loc 1 120 3 is_stmt 1 view .LVU53
 121:Core/Src/MainApp.c ****   {
 234              		.loc 1 121 3 view .LVU54
 121:Core/Src/MainApp.c ****   {
 235              		.loc 1 121 7 is_stmt 0 view .LVU55
 236 0026 06A8     		add	r0, sp, #24
 237 0028 FFF7FEFF 		bl	HAL_RCC_OscConfig
 238              	.LVL6:
 121:Core/Src/MainApp.c ****   {
 239              		.loc 1 121 6 view .LVU56
 240 002c 68B9     		cbnz	r0, .L11
 127:Core/Src/MainApp.c ****                               |RCC_CLOCKTYPE_PCLK1|RCC_CLOCKTYPE_PCLK2;
 241              		.loc 1 127 3 is_stmt 1 view .LVU57
 127:Core/Src/MainApp.c ****                               |RCC_CLOCKTYPE_PCLK1|RCC_CLOCKTYPE_PCLK2;
 242              		.loc 1 127 31 is_stmt 0 view .LVU58
 243 002e 0F23     		movs	r3, #15
 244 0030 0193     		str	r3, [sp, #4]
 129:Core/Src/MainApp.c ****   RCC_ClkInitStruct.AHBCLKDivider = RCC_SYSCLK_DIV1;
 245              		.loc 1 129 3 is_stmt 1 view .LVU59
 129:Core/Src/MainApp.c ****   RCC_ClkInitStruct.AHBCLKDivider = RCC_SYSCLK_DIV1;
 246              		.loc 1 129 34 is_stmt 0 view .LVU60
 247 0032 0021     		movs	r1, #0
 248 0034 0291     		str	r1, [sp, #8]
 130:Core/Src/MainApp.c ****   RCC_ClkInitStruct.APB1CLKDivider = RCC_HCLK_DIV1;
 249              		.loc 1 130 3 is_stmt 1 view .LVU61
 130:Core/Src/MainApp.c ****   RCC_ClkInitStruct.APB1CLKDivider = RCC_HCLK_DIV1;
 250              		.loc 1 130 35 is_stmt 0 view .LVU62
 251 0036 0391     		str	r1, [sp, #12]
 131:Core/Src/MainApp.c ****   RCC_ClkInitStruct.APB2CLKDivider = RCC_HCLK_DIV1;
 252              		.loc 1 131 3 is_stmt 1 view .LVU63
 131:Core/Src/MainApp.c ****   RCC_ClkInitStruct.APB2CLKDivider = RCC_HCLK_DIV1;
 253              		.loc 1 131 36 is_stmt 0 view .LVU64
 254 0038 0491     		str	r1, [sp, #16]
 132:Core/Src/MainApp.c **** 
 255              		.loc 1 132 3 is_stmt 1 view .LVU65
 132:Core/Src/MainApp.c **** 
 256              		.loc 1 132 36 is_stmt 0 view .LVU66
 257 003a 0591     		str	r1, [sp, #20]
 134:Core/Src/MainApp.c ****   {
 258              		.loc 1 134 3 is_stmt 1 view .LVU67
 134:Core/Src/MainApp.c ****   {
 259              		.loc 1 134 7 is_stmt 0 view .LVU68
 260 003c 01A8     		add	r0, sp, #4
 261 003e FFF7FEFF 		bl	HAL_RCC_ClockConfig
 262              	.LVL7:
 134:Core/Src/MainApp.c ****   {
 263              		.loc 1 134 6 view .LVU69
 264 0042 20B9     		cbnz	r0, .L12
 138:Core/Src/MainApp.c **** 
 265              		.loc 1 138 1 view .LVU70
 266 0044 11B0     		add	sp, sp, #68
 267              	.LCFI5:
 268              		.cfi_remember_state
 269              		.cfi_def_cfa_offset 4
 270              		@ sp needed
ARM GAS  C:\Users\T470S\AppData\Local\Temp\ccGoGX5H.s 			page 12


 271 0046 5DF804FB 		ldr	pc, [sp], #4
 272              	.L11:
 273              	.LCFI6:
 274              		.cfi_restore_state
 123:Core/Src/MainApp.c ****   }
 275              		.loc 1 123 5 is_stmt 1 view .LVU71
 276 004a FFF7FEFF 		bl	Error_Handler
 277              	.LVL8:
 278              	.L12:
 136:Core/Src/MainApp.c ****   }
 279              		.loc 1 136 5 view .LVU72
 280 004e FFF7FEFF 		bl	Error_Handler
 281              	.LVL9:
 282              		.cfi_endproc
 283              	.LFE66:
 285              		.section	.text.main,"ax",%progbits
 286              		.align	1
 287              		.global	main
 288              		.syntax unified
 289              		.thumb
 290              		.thumb_func
 291              		.fpu softvfp
 293              	main:
 294              	.LFB65:
  65:Core/Src/MainApp.c ****   /* USER CODE BEGIN 1 */
 295              		.loc 1 65 1 view -0
 296              		.cfi_startproc
 297              		@ Volatile: function does not return.
 298              		@ args = 0, pretend = 0, frame = 0
 299              		@ frame_needed = 0, uses_anonymous_args = 0
 300 0000 08B5     		push	{r3, lr}
 301              	.LCFI7:
 302              		.cfi_def_cfa_offset 8
 303              		.cfi_offset 3, -8
 304              		.cfi_offset 14, -4
  73:Core/Src/MainApp.c **** 
 305              		.loc 1 73 3 view .LVU74
 306 0002 FFF7FEFF 		bl	HAL_Init
 307              	.LVL10:
  81:Core/Src/MainApp.c **** 
 308              		.loc 1 81 3 view .LVU75
 309 0006 FFF7FEFF 		bl	SystemClock_Config
 310              	.LVL11:
  88:Core/Src/MainApp.c ****   /* USER CODE BEGIN 2 */
 311              		.loc 1 88 3 view .LVU76
 312 000a FFF7FEFF 		bl	MX_GPIO_Init
 313              	.LVL12:
 314              	.L14:
  95:Core/Src/MainApp.c ****   {
 315              		.loc 1 95 3 discriminator 1 view .LVU77
  98:Core/Src/MainApp.c **** 	HAL_Delay(700);
 316              		.loc 1 98 2 discriminator 1 view .LVU78
 317 000e 1021     		movs	r1, #16
 318 0010 0348     		ldr	r0, .L16
 319 0012 FFF7FEFF 		bl	HAL_GPIO_TogglePin
 320              	.LVL13:
  99:Core/Src/MainApp.c ****     /* USER CODE BEGIN 3 */
ARM GAS  C:\Users\T470S\AppData\Local\Temp\ccGoGX5H.s 			page 13


 321              		.loc 1 99 2 discriminator 1 view .LVU79
 322 0016 4FF42F70 		mov	r0, #700
 323 001a FFF7FEFF 		bl	HAL_Delay
 324              	.LVL14:
  95:Core/Src/MainApp.c ****   {
 325              		.loc 1 95 9 discriminator 1 view .LVU80
 326 001e F6E7     		b	.L14
 327              	.L17:
 328              		.align	2
 329              	.L16:
 330 0020 00080140 		.word	1073809408
 331              		.cfi_endproc
 332              	.LFE65:
 334              		.global	test
 335              		.section	.shared_memory,"aw"
 336              		.align	2
 339              	test:
 340 0000 00000000 		.space	4
 341              		.text
 342              	.Letext0:
 343              		.file 3 "c:\\program files (x86)\\gnu arm embedded toolchain\\10 2020-q4-major\\arm-none-eabi\\inc
 344              		.file 4 "c:\\program files (x86)\\gnu arm embedded toolchain\\10 2020-q4-major\\arm-none-eabi\\inc
 345              		.file 5 "Drivers/CMSIS/Device/ST/STM32F1xx/Include/stm32f103xb.h"
 346              		.file 6 "Drivers/STM32F1xx_HAL_Driver/Inc/stm32f1xx_hal_def.h"
 347              		.file 7 "Drivers/STM32F1xx_HAL_Driver/Inc/stm32f1xx_hal_rcc.h"
 348              		.file 8 "Drivers/STM32F1xx_HAL_Driver/Inc/stm32f1xx_hal_rcc_ex.h"
 349              		.file 9 "Drivers/STM32F1xx_HAL_Driver/Inc/stm32f1xx_hal_gpio.h"
 350              		.file 10 "Drivers/STM32F1xx_HAL_Driver/Inc/stm32f1xx_hal_cortex.h"
 351              		.file 11 "Drivers/STM32F1xx_HAL_Driver/Inc/stm32f1xx_hal.h"
 352              		.file 12 "<built-in>"
ARM GAS  C:\Users\T470S\AppData\Local\Temp\ccGoGX5H.s 			page 14


DEFINED SYMBOLS
                            *ABS*:00000000 MainApp.c
C:\Users\T470S\AppData\Local\Temp\ccGoGX5H.s:16     .text.MX_GPIO_Init:00000000 $t
C:\Users\T470S\AppData\Local\Temp\ccGoGX5H.s:23     .text.MX_GPIO_Init:00000000 MX_GPIO_Init
C:\Users\T470S\AppData\Local\Temp\ccGoGX5H.s:139    .text.MX_GPIO_Init:00000080 $d
C:\Users\T470S\AppData\Local\Temp\ccGoGX5H.s:147    .text.Error_Handler:00000000 $t
C:\Users\T470S\AppData\Local\Temp\ccGoGX5H.s:154    .text.Error_Handler:00000000 Error_Handler
C:\Users\T470S\AppData\Local\Temp\ccGoGX5H.s:186    .text.SystemClock_Config:00000000 $t
C:\Users\T470S\AppData\Local\Temp\ccGoGX5H.s:193    .text.SystemClock_Config:00000000 SystemClock_Config
C:\Users\T470S\AppData\Local\Temp\ccGoGX5H.s:286    .text.main:00000000 $t
C:\Users\T470S\AppData\Local\Temp\ccGoGX5H.s:293    .text.main:00000000 main
C:\Users\T470S\AppData\Local\Temp\ccGoGX5H.s:330    .text.main:00000020 $d
C:\Users\T470S\AppData\Local\Temp\ccGoGX5H.s:339    .shared_memory:00000000 test
C:\Users\T470S\AppData\Local\Temp\ccGoGX5H.s:336    .shared_memory:00000000 $d

UNDEFINED SYMBOLS
HAL_GPIO_WritePin
HAL_GPIO_Init
HAL_NVIC_SetPriority
HAL_NVIC_EnableIRQ
memset
HAL_RCC_OscConfig
HAL_RCC_ClockConfig
HAL_Init
HAL_GPIO_TogglePin
HAL_Delay
