ARM GAS  C:\Users\T470S\AppData\Local\Temp\cclJiZ7a.s 			page 1


   1              		.cpu cortex-m3
   2              		.eabi_attribute 20, 1
   3              		.eabi_attribute 21, 1
   4              		.eabi_attribute 23, 3
   5              		.eabi_attribute 24, 1
   6              		.eabi_attribute 25, 1
   7              		.eabi_attribute 26, 1
   8              		.eabi_attribute 30, 1
   9              		.eabi_attribute 34, 1
  10              		.eabi_attribute 18, 4
  11              		.file	"gpio.c"
  12              		.text
  13              	.Ltext0:
  14              		.cfi_sections	.debug_frame
  15              		.section	.text.MX_GPIO_Init,"ax",%progbits
  16              		.align	1
  17              		.global	MX_GPIO_Init
  18              		.arch armv7-m
  19              		.syntax unified
  20              		.thumb
  21              		.thumb_func
  22              		.fpu softvfp
  24              	MX_GPIO_Init:
  25              	.LFB65:
  26              		.file 1 "Core/Src/gpio.c"
   1:Core/Src/gpio.c **** /**
   2:Core/Src/gpio.c ****   ******************************************************************************
   3:Core/Src/gpio.c ****   * @file    gpio.c
   4:Core/Src/gpio.c ****   * @brief   This file provides code for the configuration
   5:Core/Src/gpio.c ****   *          of all used GPIO pins.
   6:Core/Src/gpio.c ****   ******************************************************************************
   7:Core/Src/gpio.c ****   * @attention
   8:Core/Src/gpio.c ****   *
   9:Core/Src/gpio.c ****   * <h2><center>&copy; Copyright (c) 2021 STMicroelectronics.
  10:Core/Src/gpio.c ****   * All rights reserved.</center></h2>
  11:Core/Src/gpio.c ****   *
  12:Core/Src/gpio.c ****   * This software component is licensed by ST under BSD 3-Clause license,
  13:Core/Src/gpio.c ****   * the "License"; You may not use this file except in compliance with the
  14:Core/Src/gpio.c ****   * License. You may obtain a copy of the License at:
  15:Core/Src/gpio.c ****   *                        opensource.org/licenses/BSD-3-Clause
  16:Core/Src/gpio.c ****   *
  17:Core/Src/gpio.c ****   ******************************************************************************
  18:Core/Src/gpio.c ****   */
  19:Core/Src/gpio.c **** 
  20:Core/Src/gpio.c **** /* Includes ------------------------------------------------------------------*/
  21:Core/Src/gpio.c **** #include "gpio.h"
  22:Core/Src/gpio.c **** 
  23:Core/Src/gpio.c **** /* USER CODE BEGIN 0 */
  24:Core/Src/gpio.c **** 
  25:Core/Src/gpio.c **** /* USER CODE END 0 */
  26:Core/Src/gpio.c **** 
  27:Core/Src/gpio.c **** /*----------------------------------------------------------------------------*/
  28:Core/Src/gpio.c **** /* Configure GPIO                                                             */
  29:Core/Src/gpio.c **** /*----------------------------------------------------------------------------*/
  30:Core/Src/gpio.c **** /* USER CODE BEGIN 1 */
  31:Core/Src/gpio.c **** 
  32:Core/Src/gpio.c **** /* USER CODE END 1 */
ARM GAS  C:\Users\T470S\AppData\Local\Temp\cclJiZ7a.s 			page 2


  33:Core/Src/gpio.c **** 
  34:Core/Src/gpio.c **** /** Configure pins as
  35:Core/Src/gpio.c ****         * Analog
  36:Core/Src/gpio.c ****         * Input
  37:Core/Src/gpio.c ****         * Output
  38:Core/Src/gpio.c ****         * EVENT_OUT
  39:Core/Src/gpio.c ****         * EXTI
  40:Core/Src/gpio.c **** */
  41:Core/Src/gpio.c **** void MX_GPIO_Init(void)
  42:Core/Src/gpio.c **** {
  27              		.loc 1 42 1 view -0
  28              		.cfi_startproc
  29              		@ args = 0, pretend = 0, frame = 24
  30              		@ frame_needed = 0, uses_anonymous_args = 0
  31 0000 30B5     		push	{r4, r5, lr}
  32              	.LCFI0:
  33              		.cfi_def_cfa_offset 12
  34              		.cfi_offset 4, -12
  35              		.cfi_offset 5, -8
  36              		.cfi_offset 14, -4
  37 0002 87B0     		sub	sp, sp, #28
  38              	.LCFI1:
  39              		.cfi_def_cfa_offset 40
  43:Core/Src/gpio.c **** 
  44:Core/Src/gpio.c ****   GPIO_InitTypeDef GPIO_InitStruct = {0};
  40              		.loc 1 44 3 view .LVU1
  41              		.loc 1 44 20 is_stmt 0 view .LVU2
  42 0004 0024     		movs	r4, #0
  43 0006 0294     		str	r4, [sp, #8]
  44 0008 0394     		str	r4, [sp, #12]
  45 000a 0494     		str	r4, [sp, #16]
  46 000c 0594     		str	r4, [sp, #20]
  45:Core/Src/gpio.c **** 
  46:Core/Src/gpio.c ****   /* GPIO Ports Clock Enable */
  47:Core/Src/gpio.c ****   __HAL_RCC_GPIOA_CLK_ENABLE();
  47              		.loc 1 47 3 is_stmt 1 view .LVU3
  48              	.LBB2:
  49              		.loc 1 47 3 view .LVU4
  50              		.loc 1 47 3 view .LVU5
  51 000e 174B     		ldr	r3, .L3
  52 0010 9A69     		ldr	r2, [r3, #24]
  53 0012 42F00402 		orr	r2, r2, #4
  54 0016 9A61     		str	r2, [r3, #24]
  55              		.loc 1 47 3 view .LVU6
  56 0018 9A69     		ldr	r2, [r3, #24]
  57 001a 02F00402 		and	r2, r2, #4
  58 001e 0092     		str	r2, [sp]
  59              		.loc 1 47 3 view .LVU7
  60 0020 009A     		ldr	r2, [sp]
  61              	.LBE2:
  62              		.loc 1 47 3 view .LVU8
  48:Core/Src/gpio.c ****   __HAL_RCC_GPIOB_CLK_ENABLE();
  63              		.loc 1 48 3 view .LVU9
  64              	.LBB3:
  65              		.loc 1 48 3 view .LVU10
  66              		.loc 1 48 3 view .LVU11
  67 0022 9A69     		ldr	r2, [r3, #24]
ARM GAS  C:\Users\T470S\AppData\Local\Temp\cclJiZ7a.s 			page 3


  68 0024 42F00802 		orr	r2, r2, #8
  69 0028 9A61     		str	r2, [r3, #24]
  70              		.loc 1 48 3 view .LVU12
  71 002a 9B69     		ldr	r3, [r3, #24]
  72 002c 03F00803 		and	r3, r3, #8
  73 0030 0193     		str	r3, [sp, #4]
  74              		.loc 1 48 3 view .LVU13
  75 0032 019B     		ldr	r3, [sp, #4]
  76              	.LBE3:
  77              		.loc 1 48 3 view .LVU14
  49:Core/Src/gpio.c **** 
  50:Core/Src/gpio.c ****   /*Configure GPIO pin Output Level */
  51:Core/Src/gpio.c ****   HAL_GPIO_WritePin(GPIOA, GPIO_PIN_4, GPIO_PIN_RESET);
  78              		.loc 1 51 3 view .LVU15
  79 0034 0E4D     		ldr	r5, .L3+4
  80 0036 2246     		mov	r2, r4
  81 0038 1021     		movs	r1, #16
  82 003a 2846     		mov	r0, r5
  83 003c FFF7FEFF 		bl	HAL_GPIO_WritePin
  84              	.LVL0:
  52:Core/Src/gpio.c **** 
  53:Core/Src/gpio.c ****   /*Configure GPIO pin : PA4 */
  54:Core/Src/gpio.c ****   GPIO_InitStruct.Pin = GPIO_PIN_4;
  85              		.loc 1 54 3 view .LVU16
  86              		.loc 1 54 23 is_stmt 0 view .LVU17
  87 0040 1023     		movs	r3, #16
  88 0042 0293     		str	r3, [sp, #8]
  55:Core/Src/gpio.c ****   GPIO_InitStruct.Mode = GPIO_MODE_OUTPUT_PP;
  89              		.loc 1 55 3 is_stmt 1 view .LVU18
  90              		.loc 1 55 24 is_stmt 0 view .LVU19
  91 0044 0123     		movs	r3, #1
  92 0046 0393     		str	r3, [sp, #12]
  56:Core/Src/gpio.c ****   GPIO_InitStruct.Pull = GPIO_NOPULL;
  93              		.loc 1 56 3 is_stmt 1 view .LVU20
  94              		.loc 1 56 24 is_stmt 0 view .LVU21
  95 0048 0494     		str	r4, [sp, #16]
  57:Core/Src/gpio.c ****   GPIO_InitStruct.Speed = GPIO_SPEED_FREQ_LOW;
  96              		.loc 1 57 3 is_stmt 1 view .LVU22
  97              		.loc 1 57 25 is_stmt 0 view .LVU23
  98 004a 0223     		movs	r3, #2
  99 004c 0593     		str	r3, [sp, #20]
  58:Core/Src/gpio.c ****   HAL_GPIO_Init(GPIOA, &GPIO_InitStruct);
 100              		.loc 1 58 3 is_stmt 1 view .LVU24
 101 004e 02A9     		add	r1, sp, #8
 102 0050 2846     		mov	r0, r5
 103 0052 FFF7FEFF 		bl	HAL_GPIO_Init
 104              	.LVL1:
  59:Core/Src/gpio.c **** 
  60:Core/Src/gpio.c ****   /*Configure GPIO pin : PB12 */
  61:Core/Src/gpio.c ****   GPIO_InitStruct.Pin = GPIO_PIN_12;
 105              		.loc 1 61 3 view .LVU25
 106              		.loc 1 61 23 is_stmt 0 view .LVU26
 107 0056 4FF48053 		mov	r3, #4096
 108 005a 0293     		str	r3, [sp, #8]
  62:Core/Src/gpio.c ****   GPIO_InitStruct.Mode = GPIO_MODE_INPUT;
 109              		.loc 1 62 3 is_stmt 1 view .LVU27
 110              		.loc 1 62 24 is_stmt 0 view .LVU28
ARM GAS  C:\Users\T470S\AppData\Local\Temp\cclJiZ7a.s 			page 4


 111 005c 0394     		str	r4, [sp, #12]
  63:Core/Src/gpio.c ****   GPIO_InitStruct.Pull = GPIO_NOPULL;
 112              		.loc 1 63 3 is_stmt 1 view .LVU29
 113              		.loc 1 63 24 is_stmt 0 view .LVU30
 114 005e 0494     		str	r4, [sp, #16]
  64:Core/Src/gpio.c ****   HAL_GPIO_Init(GPIOB, &GPIO_InitStruct);
 115              		.loc 1 64 3 is_stmt 1 view .LVU31
 116 0060 02A9     		add	r1, sp, #8
 117 0062 0448     		ldr	r0, .L3+8
 118 0064 FFF7FEFF 		bl	HAL_GPIO_Init
 119              	.LVL2:
  65:Core/Src/gpio.c **** 
  66:Core/Src/gpio.c **** }
 120              		.loc 1 66 1 is_stmt 0 view .LVU32
 121 0068 07B0     		add	sp, sp, #28
 122              	.LCFI2:
 123              		.cfi_def_cfa_offset 12
 124              		@ sp needed
 125 006a 30BD     		pop	{r4, r5, pc}
 126              	.L4:
 127              		.align	2
 128              	.L3:
 129 006c 00100240 		.word	1073876992
 130 0070 00080140 		.word	1073809408
 131 0074 000C0140 		.word	1073810432
 132              		.cfi_endproc
 133              	.LFE65:
 135              		.text
 136              	.Letext0:
 137              		.file 2 "c:\\program files (x86)\\gnu arm embedded toolchain\\10 2020-q4-major\\arm-none-eabi\\inc
 138              		.file 3 "c:\\program files (x86)\\gnu arm embedded toolchain\\10 2020-q4-major\\arm-none-eabi\\inc
 139              		.file 4 "Drivers/CMSIS/Device/ST/STM32F1xx/Include/stm32f103xb.h"
 140              		.file 5 "Drivers/STM32F1xx_HAL_Driver/Inc/stm32f1xx_hal_gpio.h"
ARM GAS  C:\Users\T470S\AppData\Local\Temp\cclJiZ7a.s 			page 5


DEFINED SYMBOLS
                            *ABS*:00000000 gpio.c
C:\Users\T470S\AppData\Local\Temp\cclJiZ7a.s:16     .text.MX_GPIO_Init:00000000 $t
C:\Users\T470S\AppData\Local\Temp\cclJiZ7a.s:24     .text.MX_GPIO_Init:00000000 MX_GPIO_Init
C:\Users\T470S\AppData\Local\Temp\cclJiZ7a.s:129    .text.MX_GPIO_Init:0000006c $d

UNDEFINED SYMBOLS
HAL_GPIO_WritePin
HAL_GPIO_Init
