<<<<<<< Updated upstream
ARM GAS  C:\Users\T470S\AppData\Local\Temp\ccw3zvhr.s 			page 1
=======
ARM GAS  C:\Users\T470S\AppData\Local\Temp\ccaD9IAc.s 			page 1
>>>>>>> Stashed changes


   1              		.cpu cortex-m3
   2              		.eabi_attribute 20, 1
   3              		.eabi_attribute 21, 1
   4              		.eabi_attribute 23, 3
   5              		.eabi_attribute 24, 1
   6              		.eabi_attribute 25, 1
   7              		.eabi_attribute 26, 1
   8              		.eabi_attribute 30, 1
   9              		.eabi_attribute 34, 1
  10              		.eabi_attribute 18, 4
  11              		.file	"stm32f1xx_hal_crc.c"
  12              		.text
  13              	.Ltext0:
  14              		.cfi_sections	.debug_frame
  15              		.section	.text.HAL_CRC_MspInit,"ax",%progbits
  16              		.align	1
  17              		.weak	HAL_CRC_MspInit
  18              		.arch armv7-m
  19              		.syntax unified
  20              		.thumb
  21              		.thumb_func
  22              		.fpu softvfp
  24              	HAL_CRC_MspInit:
  25              	.LVL0:
  26              	.LFB67:
  27              		.file 1 "Drivers/STM32F1xx_HAL_Driver/Src/stm32f1xx_hal_crc.c"
   1:Drivers/STM32F1xx_HAL_Driver/Src/stm32f1xx_hal_crc.c **** /**
   2:Drivers/STM32F1xx_HAL_Driver/Src/stm32f1xx_hal_crc.c ****   ******************************************************************************
   3:Drivers/STM32F1xx_HAL_Driver/Src/stm32f1xx_hal_crc.c ****   * @file    stm32f1xx_hal_crc.c
   4:Drivers/STM32F1xx_HAL_Driver/Src/stm32f1xx_hal_crc.c ****   * @author  MCD Application Team
   5:Drivers/STM32F1xx_HAL_Driver/Src/stm32f1xx_hal_crc.c ****   * @brief   CRC HAL module driver.
   6:Drivers/STM32F1xx_HAL_Driver/Src/stm32f1xx_hal_crc.c ****   *          This file provides firmware functions to manage the following
   7:Drivers/STM32F1xx_HAL_Driver/Src/stm32f1xx_hal_crc.c ****   *          functionalities of the Cyclic Redundancy Check (CRC) peripheral:
   8:Drivers/STM32F1xx_HAL_Driver/Src/stm32f1xx_hal_crc.c ****   *           + Initialization and de-initialization functions
   9:Drivers/STM32F1xx_HAL_Driver/Src/stm32f1xx_hal_crc.c ****   *           + Peripheral Control functions
  10:Drivers/STM32F1xx_HAL_Driver/Src/stm32f1xx_hal_crc.c ****   *           + Peripheral State functions
  11:Drivers/STM32F1xx_HAL_Driver/Src/stm32f1xx_hal_crc.c ****   *
  12:Drivers/STM32F1xx_HAL_Driver/Src/stm32f1xx_hal_crc.c ****   @verbatim
  13:Drivers/STM32F1xx_HAL_Driver/Src/stm32f1xx_hal_crc.c ****  ===============================================================================
  14:Drivers/STM32F1xx_HAL_Driver/Src/stm32f1xx_hal_crc.c ****                      ##### How to use this driver #####
  15:Drivers/STM32F1xx_HAL_Driver/Src/stm32f1xx_hal_crc.c ****  ===============================================================================
  16:Drivers/STM32F1xx_HAL_Driver/Src/stm32f1xx_hal_crc.c ****     [..]
  17:Drivers/STM32F1xx_HAL_Driver/Src/stm32f1xx_hal_crc.c ****          (+) Enable CRC AHB clock using __HAL_RCC_CRC_CLK_ENABLE();
  18:Drivers/STM32F1xx_HAL_Driver/Src/stm32f1xx_hal_crc.c ****          (+) Initialize CRC calculator
  19:Drivers/STM32F1xx_HAL_Driver/Src/stm32f1xx_hal_crc.c ****              (++) specify generating polynomial (peripheral default or non-default one)
  20:Drivers/STM32F1xx_HAL_Driver/Src/stm32f1xx_hal_crc.c ****              (++) specify initialization value (peripheral default or non-default one)
  21:Drivers/STM32F1xx_HAL_Driver/Src/stm32f1xx_hal_crc.c ****              (++) specify input data format
  22:Drivers/STM32F1xx_HAL_Driver/Src/stm32f1xx_hal_crc.c ****              (++) specify input or output data inversion mode if any
  23:Drivers/STM32F1xx_HAL_Driver/Src/stm32f1xx_hal_crc.c ****          (+) Use HAL_CRC_Accumulate() function to compute the CRC value of the
  24:Drivers/STM32F1xx_HAL_Driver/Src/stm32f1xx_hal_crc.c ****              input data buffer starting with the previously computed CRC as
  25:Drivers/STM32F1xx_HAL_Driver/Src/stm32f1xx_hal_crc.c ****              initialization value
  26:Drivers/STM32F1xx_HAL_Driver/Src/stm32f1xx_hal_crc.c ****          (+) Use HAL_CRC_Calculate() function to compute the CRC value of the
  27:Drivers/STM32F1xx_HAL_Driver/Src/stm32f1xx_hal_crc.c ****              input data buffer starting with the defined initialization value
  28:Drivers/STM32F1xx_HAL_Driver/Src/stm32f1xx_hal_crc.c ****              (default or non-default) to initiate CRC calculation
  29:Drivers/STM32F1xx_HAL_Driver/Src/stm32f1xx_hal_crc.c **** 
  30:Drivers/STM32F1xx_HAL_Driver/Src/stm32f1xx_hal_crc.c ****   @endverbatim
  31:Drivers/STM32F1xx_HAL_Driver/Src/stm32f1xx_hal_crc.c ****   ******************************************************************************
<<<<<<< Updated upstream
ARM GAS  C:\Users\T470S\AppData\Local\Temp\ccw3zvhr.s 			page 2
=======
ARM GAS  C:\Users\T470S\AppData\Local\Temp\ccaD9IAc.s 			page 2
>>>>>>> Stashed changes


  32:Drivers/STM32F1xx_HAL_Driver/Src/stm32f1xx_hal_crc.c ****   * @attention
  33:Drivers/STM32F1xx_HAL_Driver/Src/stm32f1xx_hal_crc.c ****   *
  34:Drivers/STM32F1xx_HAL_Driver/Src/stm32f1xx_hal_crc.c ****   * <h2><center>&copy; Copyright (c) 2016 STMicroelectronics.
  35:Drivers/STM32F1xx_HAL_Driver/Src/stm32f1xx_hal_crc.c ****   * All rights reserved.</center></h2>
  36:Drivers/STM32F1xx_HAL_Driver/Src/stm32f1xx_hal_crc.c ****   *
  37:Drivers/STM32F1xx_HAL_Driver/Src/stm32f1xx_hal_crc.c ****   * This software component is licensed by ST under BSD 3-Clause license,
  38:Drivers/STM32F1xx_HAL_Driver/Src/stm32f1xx_hal_crc.c ****   * the "License"; You may not use this file except in compliance with the
  39:Drivers/STM32F1xx_HAL_Driver/Src/stm32f1xx_hal_crc.c ****   * License. You may obtain a copy of the License at:
  40:Drivers/STM32F1xx_HAL_Driver/Src/stm32f1xx_hal_crc.c ****   *                        opensource.org/licenses/BSD-3-Clause
  41:Drivers/STM32F1xx_HAL_Driver/Src/stm32f1xx_hal_crc.c ****   *
  42:Drivers/STM32F1xx_HAL_Driver/Src/stm32f1xx_hal_crc.c ****   ******************************************************************************
  43:Drivers/STM32F1xx_HAL_Driver/Src/stm32f1xx_hal_crc.c ****   */
  44:Drivers/STM32F1xx_HAL_Driver/Src/stm32f1xx_hal_crc.c **** 
  45:Drivers/STM32F1xx_HAL_Driver/Src/stm32f1xx_hal_crc.c **** /* Includes ------------------------------------------------------------------*/
  46:Drivers/STM32F1xx_HAL_Driver/Src/stm32f1xx_hal_crc.c **** #include "stm32f1xx_hal.h"
  47:Drivers/STM32F1xx_HAL_Driver/Src/stm32f1xx_hal_crc.c **** 
  48:Drivers/STM32F1xx_HAL_Driver/Src/stm32f1xx_hal_crc.c **** /** @addtogroup STM32F1xx_HAL_Driver
  49:Drivers/STM32F1xx_HAL_Driver/Src/stm32f1xx_hal_crc.c ****   * @{
  50:Drivers/STM32F1xx_HAL_Driver/Src/stm32f1xx_hal_crc.c ****   */
  51:Drivers/STM32F1xx_HAL_Driver/Src/stm32f1xx_hal_crc.c **** 
  52:Drivers/STM32F1xx_HAL_Driver/Src/stm32f1xx_hal_crc.c **** /** @defgroup CRC CRC
  53:Drivers/STM32F1xx_HAL_Driver/Src/stm32f1xx_hal_crc.c ****   * @brief CRC HAL module driver.
  54:Drivers/STM32F1xx_HAL_Driver/Src/stm32f1xx_hal_crc.c ****   * @{
  55:Drivers/STM32F1xx_HAL_Driver/Src/stm32f1xx_hal_crc.c ****   */
  56:Drivers/STM32F1xx_HAL_Driver/Src/stm32f1xx_hal_crc.c **** 
  57:Drivers/STM32F1xx_HAL_Driver/Src/stm32f1xx_hal_crc.c **** #ifdef HAL_CRC_MODULE_ENABLED
  58:Drivers/STM32F1xx_HAL_Driver/Src/stm32f1xx_hal_crc.c **** 
  59:Drivers/STM32F1xx_HAL_Driver/Src/stm32f1xx_hal_crc.c **** /* Private typedef -----------------------------------------------------------*/
  60:Drivers/STM32F1xx_HAL_Driver/Src/stm32f1xx_hal_crc.c **** /* Private define ------------------------------------------------------------*/
  61:Drivers/STM32F1xx_HAL_Driver/Src/stm32f1xx_hal_crc.c **** /* Private macro -------------------------------------------------------------*/
  62:Drivers/STM32F1xx_HAL_Driver/Src/stm32f1xx_hal_crc.c **** /* Private variables ---------------------------------------------------------*/
  63:Drivers/STM32F1xx_HAL_Driver/Src/stm32f1xx_hal_crc.c **** /* Private function prototypes -----------------------------------------------*/
  64:Drivers/STM32F1xx_HAL_Driver/Src/stm32f1xx_hal_crc.c **** 
  65:Drivers/STM32F1xx_HAL_Driver/Src/stm32f1xx_hal_crc.c **** /* Exported functions --------------------------------------------------------*/
  66:Drivers/STM32F1xx_HAL_Driver/Src/stm32f1xx_hal_crc.c **** 
  67:Drivers/STM32F1xx_HAL_Driver/Src/stm32f1xx_hal_crc.c **** /** @defgroup CRC_Exported_Functions CRC Exported Functions
  68:Drivers/STM32F1xx_HAL_Driver/Src/stm32f1xx_hal_crc.c ****   * @{
  69:Drivers/STM32F1xx_HAL_Driver/Src/stm32f1xx_hal_crc.c ****   */
  70:Drivers/STM32F1xx_HAL_Driver/Src/stm32f1xx_hal_crc.c **** 
  71:Drivers/STM32F1xx_HAL_Driver/Src/stm32f1xx_hal_crc.c **** /** @defgroup CRC_Exported_Functions_Group1 Initialization and de-initialization functions
  72:Drivers/STM32F1xx_HAL_Driver/Src/stm32f1xx_hal_crc.c ****   *  @brief    Initialization and Configuration functions.
  73:Drivers/STM32F1xx_HAL_Driver/Src/stm32f1xx_hal_crc.c ****   *
  74:Drivers/STM32F1xx_HAL_Driver/Src/stm32f1xx_hal_crc.c **** @verbatim
  75:Drivers/STM32F1xx_HAL_Driver/Src/stm32f1xx_hal_crc.c ****  ===============================================================================
  76:Drivers/STM32F1xx_HAL_Driver/Src/stm32f1xx_hal_crc.c ****             ##### Initialization and de-initialization functions #####
  77:Drivers/STM32F1xx_HAL_Driver/Src/stm32f1xx_hal_crc.c ****  ===============================================================================
  78:Drivers/STM32F1xx_HAL_Driver/Src/stm32f1xx_hal_crc.c ****     [..]  This section provides functions allowing to:
  79:Drivers/STM32F1xx_HAL_Driver/Src/stm32f1xx_hal_crc.c ****       (+) Initialize the CRC according to the specified parameters
  80:Drivers/STM32F1xx_HAL_Driver/Src/stm32f1xx_hal_crc.c ****           in the CRC_InitTypeDef and create the associated handle
  81:Drivers/STM32F1xx_HAL_Driver/Src/stm32f1xx_hal_crc.c ****       (+) DeInitialize the CRC peripheral
  82:Drivers/STM32F1xx_HAL_Driver/Src/stm32f1xx_hal_crc.c ****       (+) Initialize the CRC MSP (MCU Specific Package)
  83:Drivers/STM32F1xx_HAL_Driver/Src/stm32f1xx_hal_crc.c ****       (+) DeInitialize the CRC MSP
  84:Drivers/STM32F1xx_HAL_Driver/Src/stm32f1xx_hal_crc.c **** 
  85:Drivers/STM32F1xx_HAL_Driver/Src/stm32f1xx_hal_crc.c **** @endverbatim
  86:Drivers/STM32F1xx_HAL_Driver/Src/stm32f1xx_hal_crc.c ****   * @{
  87:Drivers/STM32F1xx_HAL_Driver/Src/stm32f1xx_hal_crc.c ****   */
  88:Drivers/STM32F1xx_HAL_Driver/Src/stm32f1xx_hal_crc.c **** 
<<<<<<< Updated upstream
ARM GAS  C:\Users\T470S\AppData\Local\Temp\ccw3zvhr.s 			page 3
=======
ARM GAS  C:\Users\T470S\AppData\Local\Temp\ccaD9IAc.s 			page 3
>>>>>>> Stashed changes


  89:Drivers/STM32F1xx_HAL_Driver/Src/stm32f1xx_hal_crc.c **** /**
  90:Drivers/STM32F1xx_HAL_Driver/Src/stm32f1xx_hal_crc.c ****   * @brief  Initialize the CRC according to the specified
  91:Drivers/STM32F1xx_HAL_Driver/Src/stm32f1xx_hal_crc.c ****   *         parameters in the CRC_InitTypeDef and create the associated handle.
  92:Drivers/STM32F1xx_HAL_Driver/Src/stm32f1xx_hal_crc.c ****   * @param  hcrc CRC handle
  93:Drivers/STM32F1xx_HAL_Driver/Src/stm32f1xx_hal_crc.c ****   * @retval HAL status
  94:Drivers/STM32F1xx_HAL_Driver/Src/stm32f1xx_hal_crc.c ****   */
  95:Drivers/STM32F1xx_HAL_Driver/Src/stm32f1xx_hal_crc.c **** HAL_StatusTypeDef HAL_CRC_Init(CRC_HandleTypeDef *hcrc)
  96:Drivers/STM32F1xx_HAL_Driver/Src/stm32f1xx_hal_crc.c **** {
  97:Drivers/STM32F1xx_HAL_Driver/Src/stm32f1xx_hal_crc.c ****   /* Check the CRC handle allocation */
  98:Drivers/STM32F1xx_HAL_Driver/Src/stm32f1xx_hal_crc.c ****   if (hcrc == NULL)
  99:Drivers/STM32F1xx_HAL_Driver/Src/stm32f1xx_hal_crc.c ****   {
 100:Drivers/STM32F1xx_HAL_Driver/Src/stm32f1xx_hal_crc.c ****     return HAL_ERROR;
 101:Drivers/STM32F1xx_HAL_Driver/Src/stm32f1xx_hal_crc.c ****   }
 102:Drivers/STM32F1xx_HAL_Driver/Src/stm32f1xx_hal_crc.c **** 
 103:Drivers/STM32F1xx_HAL_Driver/Src/stm32f1xx_hal_crc.c ****   /* Check the parameters */
 104:Drivers/STM32F1xx_HAL_Driver/Src/stm32f1xx_hal_crc.c ****   assert_param(IS_CRC_ALL_INSTANCE(hcrc->Instance));
 105:Drivers/STM32F1xx_HAL_Driver/Src/stm32f1xx_hal_crc.c **** 
 106:Drivers/STM32F1xx_HAL_Driver/Src/stm32f1xx_hal_crc.c ****   if (hcrc->State == HAL_CRC_STATE_RESET)
 107:Drivers/STM32F1xx_HAL_Driver/Src/stm32f1xx_hal_crc.c ****   {
 108:Drivers/STM32F1xx_HAL_Driver/Src/stm32f1xx_hal_crc.c ****     /* Allocate lock resource and initialize it */
 109:Drivers/STM32F1xx_HAL_Driver/Src/stm32f1xx_hal_crc.c ****     hcrc->Lock = HAL_UNLOCKED;
 110:Drivers/STM32F1xx_HAL_Driver/Src/stm32f1xx_hal_crc.c ****     /* Init the low level hardware */
 111:Drivers/STM32F1xx_HAL_Driver/Src/stm32f1xx_hal_crc.c ****     HAL_CRC_MspInit(hcrc);
 112:Drivers/STM32F1xx_HAL_Driver/Src/stm32f1xx_hal_crc.c ****   }
 113:Drivers/STM32F1xx_HAL_Driver/Src/stm32f1xx_hal_crc.c **** 
 114:Drivers/STM32F1xx_HAL_Driver/Src/stm32f1xx_hal_crc.c ****   /* Change CRC peripheral state */
 115:Drivers/STM32F1xx_HAL_Driver/Src/stm32f1xx_hal_crc.c ****   hcrc->State = HAL_CRC_STATE_READY;
 116:Drivers/STM32F1xx_HAL_Driver/Src/stm32f1xx_hal_crc.c **** 
 117:Drivers/STM32F1xx_HAL_Driver/Src/stm32f1xx_hal_crc.c ****   /* Return function status */
 118:Drivers/STM32F1xx_HAL_Driver/Src/stm32f1xx_hal_crc.c ****   return HAL_OK;
 119:Drivers/STM32F1xx_HAL_Driver/Src/stm32f1xx_hal_crc.c **** }
 120:Drivers/STM32F1xx_HAL_Driver/Src/stm32f1xx_hal_crc.c **** 
 121:Drivers/STM32F1xx_HAL_Driver/Src/stm32f1xx_hal_crc.c **** /**
 122:Drivers/STM32F1xx_HAL_Driver/Src/stm32f1xx_hal_crc.c ****   * @brief  DeInitialize the CRC peripheral.
 123:Drivers/STM32F1xx_HAL_Driver/Src/stm32f1xx_hal_crc.c ****   * @param  hcrc CRC handle
 124:Drivers/STM32F1xx_HAL_Driver/Src/stm32f1xx_hal_crc.c ****   * @retval HAL status
 125:Drivers/STM32F1xx_HAL_Driver/Src/stm32f1xx_hal_crc.c ****   */
 126:Drivers/STM32F1xx_HAL_Driver/Src/stm32f1xx_hal_crc.c **** HAL_StatusTypeDef HAL_CRC_DeInit(CRC_HandleTypeDef *hcrc)
 127:Drivers/STM32F1xx_HAL_Driver/Src/stm32f1xx_hal_crc.c **** {
 128:Drivers/STM32F1xx_HAL_Driver/Src/stm32f1xx_hal_crc.c ****   /* Check the CRC handle allocation */
 129:Drivers/STM32F1xx_HAL_Driver/Src/stm32f1xx_hal_crc.c ****   if (hcrc == NULL)
 130:Drivers/STM32F1xx_HAL_Driver/Src/stm32f1xx_hal_crc.c ****   {
 131:Drivers/STM32F1xx_HAL_Driver/Src/stm32f1xx_hal_crc.c ****     return HAL_ERROR;
 132:Drivers/STM32F1xx_HAL_Driver/Src/stm32f1xx_hal_crc.c ****   }
 133:Drivers/STM32F1xx_HAL_Driver/Src/stm32f1xx_hal_crc.c **** 
 134:Drivers/STM32F1xx_HAL_Driver/Src/stm32f1xx_hal_crc.c ****   /* Check the parameters */
 135:Drivers/STM32F1xx_HAL_Driver/Src/stm32f1xx_hal_crc.c ****   assert_param(IS_CRC_ALL_INSTANCE(hcrc->Instance));
 136:Drivers/STM32F1xx_HAL_Driver/Src/stm32f1xx_hal_crc.c **** 
 137:Drivers/STM32F1xx_HAL_Driver/Src/stm32f1xx_hal_crc.c ****   /* Check the CRC peripheral state */
 138:Drivers/STM32F1xx_HAL_Driver/Src/stm32f1xx_hal_crc.c ****   if (hcrc->State == HAL_CRC_STATE_BUSY)
 139:Drivers/STM32F1xx_HAL_Driver/Src/stm32f1xx_hal_crc.c ****   {
 140:Drivers/STM32F1xx_HAL_Driver/Src/stm32f1xx_hal_crc.c ****     return HAL_BUSY;
 141:Drivers/STM32F1xx_HAL_Driver/Src/stm32f1xx_hal_crc.c ****   }
 142:Drivers/STM32F1xx_HAL_Driver/Src/stm32f1xx_hal_crc.c **** 
 143:Drivers/STM32F1xx_HAL_Driver/Src/stm32f1xx_hal_crc.c ****   /* Change CRC peripheral state */
 144:Drivers/STM32F1xx_HAL_Driver/Src/stm32f1xx_hal_crc.c ****   hcrc->State = HAL_CRC_STATE_BUSY;
 145:Drivers/STM32F1xx_HAL_Driver/Src/stm32f1xx_hal_crc.c **** 
<<<<<<< Updated upstream
ARM GAS  C:\Users\T470S\AppData\Local\Temp\ccw3zvhr.s 			page 4
=======
ARM GAS  C:\Users\T470S\AppData\Local\Temp\ccaD9IAc.s 			page 4
>>>>>>> Stashed changes


 146:Drivers/STM32F1xx_HAL_Driver/Src/stm32f1xx_hal_crc.c ****   /* Reset CRC calculation unit */
 147:Drivers/STM32F1xx_HAL_Driver/Src/stm32f1xx_hal_crc.c ****   __HAL_CRC_DR_RESET(hcrc);
 148:Drivers/STM32F1xx_HAL_Driver/Src/stm32f1xx_hal_crc.c **** 
 149:Drivers/STM32F1xx_HAL_Driver/Src/stm32f1xx_hal_crc.c ****   /* Reset IDR register content */
 150:Drivers/STM32F1xx_HAL_Driver/Src/stm32f1xx_hal_crc.c ****   CLEAR_BIT(hcrc->Instance->IDR, CRC_IDR_IDR);
 151:Drivers/STM32F1xx_HAL_Driver/Src/stm32f1xx_hal_crc.c **** 
 152:Drivers/STM32F1xx_HAL_Driver/Src/stm32f1xx_hal_crc.c ****   /* DeInit the low level hardware */
 153:Drivers/STM32F1xx_HAL_Driver/Src/stm32f1xx_hal_crc.c ****   HAL_CRC_MspDeInit(hcrc);
 154:Drivers/STM32F1xx_HAL_Driver/Src/stm32f1xx_hal_crc.c **** 
 155:Drivers/STM32F1xx_HAL_Driver/Src/stm32f1xx_hal_crc.c ****   /* Change CRC peripheral state */
 156:Drivers/STM32F1xx_HAL_Driver/Src/stm32f1xx_hal_crc.c ****   hcrc->State = HAL_CRC_STATE_RESET;
 157:Drivers/STM32F1xx_HAL_Driver/Src/stm32f1xx_hal_crc.c **** 
 158:Drivers/STM32F1xx_HAL_Driver/Src/stm32f1xx_hal_crc.c ****   /* Process unlocked */
 159:Drivers/STM32F1xx_HAL_Driver/Src/stm32f1xx_hal_crc.c ****   __HAL_UNLOCK(hcrc);
 160:Drivers/STM32F1xx_HAL_Driver/Src/stm32f1xx_hal_crc.c **** 
 161:Drivers/STM32F1xx_HAL_Driver/Src/stm32f1xx_hal_crc.c ****   /* Return function status */
 162:Drivers/STM32F1xx_HAL_Driver/Src/stm32f1xx_hal_crc.c ****   return HAL_OK;
 163:Drivers/STM32F1xx_HAL_Driver/Src/stm32f1xx_hal_crc.c **** }
 164:Drivers/STM32F1xx_HAL_Driver/Src/stm32f1xx_hal_crc.c **** 
 165:Drivers/STM32F1xx_HAL_Driver/Src/stm32f1xx_hal_crc.c **** /**
 166:Drivers/STM32F1xx_HAL_Driver/Src/stm32f1xx_hal_crc.c ****   * @brief  Initializes the CRC MSP.
 167:Drivers/STM32F1xx_HAL_Driver/Src/stm32f1xx_hal_crc.c ****   * @param  hcrc CRC handle
 168:Drivers/STM32F1xx_HAL_Driver/Src/stm32f1xx_hal_crc.c ****   * @retval None
 169:Drivers/STM32F1xx_HAL_Driver/Src/stm32f1xx_hal_crc.c ****   */
 170:Drivers/STM32F1xx_HAL_Driver/Src/stm32f1xx_hal_crc.c **** __weak void HAL_CRC_MspInit(CRC_HandleTypeDef *hcrc)
 171:Drivers/STM32F1xx_HAL_Driver/Src/stm32f1xx_hal_crc.c **** {
  28              		.loc 1 171 1 view -0
  29              		.cfi_startproc
  30              		@ args = 0, pretend = 0, frame = 0
  31              		@ frame_needed = 0, uses_anonymous_args = 0
  32              		@ link register save eliminated.
 172:Drivers/STM32F1xx_HAL_Driver/Src/stm32f1xx_hal_crc.c ****   /* Prevent unused argument(s) compilation warning */
 173:Drivers/STM32F1xx_HAL_Driver/Src/stm32f1xx_hal_crc.c ****   UNUSED(hcrc);
  33              		.loc 1 173 3 view .LVU1
 174:Drivers/STM32F1xx_HAL_Driver/Src/stm32f1xx_hal_crc.c **** 
 175:Drivers/STM32F1xx_HAL_Driver/Src/stm32f1xx_hal_crc.c ****   /* NOTE : This function should not be modified, when the callback is needed,
 176:Drivers/STM32F1xx_HAL_Driver/Src/stm32f1xx_hal_crc.c ****             the HAL_CRC_MspInit can be implemented in the user file
 177:Drivers/STM32F1xx_HAL_Driver/Src/stm32f1xx_hal_crc.c ****    */
 178:Drivers/STM32F1xx_HAL_Driver/Src/stm32f1xx_hal_crc.c **** }
  34              		.loc 1 178 1 is_stmt 0 view .LVU2
  35 0000 7047     		bx	lr
  36              		.cfi_endproc
  37              	.LFE67:
  39              		.section	.text.HAL_CRC_Init,"ax",%progbits
  40              		.align	1
  41              		.global	HAL_CRC_Init
  42              		.syntax unified
  43              		.thumb
  44              		.thumb_func
  45              		.fpu softvfp
  47              	HAL_CRC_Init:
  48              	.LVL1:
  49              	.LFB65:
  96:Drivers/STM32F1xx_HAL_Driver/Src/stm32f1xx_hal_crc.c ****   /* Check the CRC handle allocation */
  50              		.loc 1 96 1 is_stmt 1 view -0
  51              		.cfi_startproc
  52              		@ args = 0, pretend = 0, frame = 0
<<<<<<< Updated upstream
ARM GAS  C:\Users\T470S\AppData\Local\Temp\ccw3zvhr.s 			page 5
=======
ARM GAS  C:\Users\T470S\AppData\Local\Temp\ccaD9IAc.s 			page 5
>>>>>>> Stashed changes


  53              		@ frame_needed = 0, uses_anonymous_args = 0
  98:Drivers/STM32F1xx_HAL_Driver/Src/stm32f1xx_hal_crc.c ****   {
  54              		.loc 1 98 3 view .LVU4
  98:Drivers/STM32F1xx_HAL_Driver/Src/stm32f1xx_hal_crc.c ****   {
  55              		.loc 1 98 6 is_stmt 0 view .LVU5
  56 0000 58B1     		cbz	r0, .L5
  96:Drivers/STM32F1xx_HAL_Driver/Src/stm32f1xx_hal_crc.c ****   /* Check the CRC handle allocation */
  57              		.loc 1 96 1 view .LVU6
  58 0002 10B5     		push	{r4, lr}
  59              	.LCFI0:
  60              		.cfi_def_cfa_offset 8
  61              		.cfi_offset 4, -8
  62              		.cfi_offset 14, -4
  63 0004 0446     		mov	r4, r0
 104:Drivers/STM32F1xx_HAL_Driver/Src/stm32f1xx_hal_crc.c **** 
  64              		.loc 1 104 3 is_stmt 1 view .LVU7
 106:Drivers/STM32F1xx_HAL_Driver/Src/stm32f1xx_hal_crc.c ****   {
  65              		.loc 1 106 3 view .LVU8
 106:Drivers/STM32F1xx_HAL_Driver/Src/stm32f1xx_hal_crc.c ****   {
  66              		.loc 1 106 11 is_stmt 0 view .LVU9
  67 0006 4379     		ldrb	r3, [r0, #5]	@ zero_extendqisi2
 106:Drivers/STM32F1xx_HAL_Driver/Src/stm32f1xx_hal_crc.c ****   {
  68              		.loc 1 106 6 view .LVU10
  69 0008 1BB1     		cbz	r3, .L10
  70              	.LVL2:
  71              	.L4:
 115:Drivers/STM32F1xx_HAL_Driver/Src/stm32f1xx_hal_crc.c **** 
  72              		.loc 1 115 3 is_stmt 1 view .LVU11
 115:Drivers/STM32F1xx_HAL_Driver/Src/stm32f1xx_hal_crc.c **** 
  73              		.loc 1 115 15 is_stmt 0 view .LVU12
  74 000a 0123     		movs	r3, #1
  75 000c 6371     		strb	r3, [r4, #5]
 118:Drivers/STM32F1xx_HAL_Driver/Src/stm32f1xx_hal_crc.c **** }
  76              		.loc 1 118 3 is_stmt 1 view .LVU13
 118:Drivers/STM32F1xx_HAL_Driver/Src/stm32f1xx_hal_crc.c **** }
  77              		.loc 1 118 10 is_stmt 0 view .LVU14
  78 000e 0020     		movs	r0, #0
 119:Drivers/STM32F1xx_HAL_Driver/Src/stm32f1xx_hal_crc.c **** 
  79              		.loc 1 119 1 view .LVU15
  80 0010 10BD     		pop	{r4, pc}
  81              	.LVL3:
  82              	.L10:
 109:Drivers/STM32F1xx_HAL_Driver/Src/stm32f1xx_hal_crc.c ****     /* Init the low level hardware */
  83              		.loc 1 109 5 is_stmt 1 view .LVU16
 109:Drivers/STM32F1xx_HAL_Driver/Src/stm32f1xx_hal_crc.c ****     /* Init the low level hardware */
  84              		.loc 1 109 16 is_stmt 0 view .LVU17
  85 0012 0371     		strb	r3, [r0, #4]
 111:Drivers/STM32F1xx_HAL_Driver/Src/stm32f1xx_hal_crc.c ****   }
  86              		.loc 1 111 5 is_stmt 1 view .LVU18
  87 0014 FFF7FEFF 		bl	HAL_CRC_MspInit
  88              	.LVL4:
 111:Drivers/STM32F1xx_HAL_Driver/Src/stm32f1xx_hal_crc.c ****   }
  89              		.loc 1 111 5 is_stmt 0 view .LVU19
  90 0018 F7E7     		b	.L4
  91              	.LVL5:
  92              	.L5:
  93              	.LCFI1:
<<<<<<< Updated upstream
ARM GAS  C:\Users\T470S\AppData\Local\Temp\ccw3zvhr.s 			page 6
=======
ARM GAS  C:\Users\T470S\AppData\Local\Temp\ccaD9IAc.s 			page 6
>>>>>>> Stashed changes


  94              		.cfi_def_cfa_offset 0
  95              		.cfi_restore 4
  96              		.cfi_restore 14
 100:Drivers/STM32F1xx_HAL_Driver/Src/stm32f1xx_hal_crc.c ****   }
  97              		.loc 1 100 12 view .LVU20
  98 001a 0120     		movs	r0, #1
  99              	.LVL6:
 119:Drivers/STM32F1xx_HAL_Driver/Src/stm32f1xx_hal_crc.c **** 
 100              		.loc 1 119 1 view .LVU21
 101 001c 7047     		bx	lr
 102              		.cfi_endproc
 103              	.LFE65:
 105              		.section	.text.HAL_CRC_MspDeInit,"ax",%progbits
 106              		.align	1
 107              		.weak	HAL_CRC_MspDeInit
 108              		.syntax unified
 109              		.thumb
 110              		.thumb_func
 111              		.fpu softvfp
 113              	HAL_CRC_MspDeInit:
 114              	.LVL7:
 115              	.LFB68:
 179:Drivers/STM32F1xx_HAL_Driver/Src/stm32f1xx_hal_crc.c **** 
 180:Drivers/STM32F1xx_HAL_Driver/Src/stm32f1xx_hal_crc.c **** /**
 181:Drivers/STM32F1xx_HAL_Driver/Src/stm32f1xx_hal_crc.c ****   * @brief  DeInitialize the CRC MSP.
 182:Drivers/STM32F1xx_HAL_Driver/Src/stm32f1xx_hal_crc.c ****   * @param  hcrc CRC handle
 183:Drivers/STM32F1xx_HAL_Driver/Src/stm32f1xx_hal_crc.c ****   * @retval None
 184:Drivers/STM32F1xx_HAL_Driver/Src/stm32f1xx_hal_crc.c ****   */
 185:Drivers/STM32F1xx_HAL_Driver/Src/stm32f1xx_hal_crc.c **** __weak void HAL_CRC_MspDeInit(CRC_HandleTypeDef *hcrc)
 186:Drivers/STM32F1xx_HAL_Driver/Src/stm32f1xx_hal_crc.c **** {
 116              		.loc 1 186 1 is_stmt 1 view -0
 117              		.cfi_startproc
 118              		@ args = 0, pretend = 0, frame = 0
 119              		@ frame_needed = 0, uses_anonymous_args = 0
 120              		@ link register save eliminated.
 187:Drivers/STM32F1xx_HAL_Driver/Src/stm32f1xx_hal_crc.c ****   /* Prevent unused argument(s) compilation warning */
 188:Drivers/STM32F1xx_HAL_Driver/Src/stm32f1xx_hal_crc.c ****   UNUSED(hcrc);
 121              		.loc 1 188 3 view .LVU23
 189:Drivers/STM32F1xx_HAL_Driver/Src/stm32f1xx_hal_crc.c **** 
 190:Drivers/STM32F1xx_HAL_Driver/Src/stm32f1xx_hal_crc.c ****   /* NOTE : This function should not be modified, when the callback is needed,
 191:Drivers/STM32F1xx_HAL_Driver/Src/stm32f1xx_hal_crc.c ****             the HAL_CRC_MspDeInit can be implemented in the user file
 192:Drivers/STM32F1xx_HAL_Driver/Src/stm32f1xx_hal_crc.c ****    */
 193:Drivers/STM32F1xx_HAL_Driver/Src/stm32f1xx_hal_crc.c **** }
 122              		.loc 1 193 1 is_stmt 0 view .LVU24
 123 0000 7047     		bx	lr
 124              		.cfi_endproc
 125              	.LFE68:
 127              		.section	.text.HAL_CRC_DeInit,"ax",%progbits
 128              		.align	1
 129              		.global	HAL_CRC_DeInit
 130              		.syntax unified
 131              		.thumb
 132              		.thumb_func
 133              		.fpu softvfp
 135              	HAL_CRC_DeInit:
 136              	.LVL8:
 137              	.LFB66:
<<<<<<< Updated upstream
ARM GAS  C:\Users\T470S\AppData\Local\Temp\ccw3zvhr.s 			page 7
=======
ARM GAS  C:\Users\T470S\AppData\Local\Temp\ccaD9IAc.s 			page 7
>>>>>>> Stashed changes


 127:Drivers/STM32F1xx_HAL_Driver/Src/stm32f1xx_hal_crc.c ****   /* Check the CRC handle allocation */
 138              		.loc 1 127 1 is_stmt 1 view -0
 139              		.cfi_startproc
 140              		@ args = 0, pretend = 0, frame = 0
 141              		@ frame_needed = 0, uses_anonymous_args = 0
 129:Drivers/STM32F1xx_HAL_Driver/Src/stm32f1xx_hal_crc.c ****   {
 142              		.loc 1 129 3 view .LVU26
 129:Drivers/STM32F1xx_HAL_Driver/Src/stm32f1xx_hal_crc.c ****   {
 143              		.loc 1 129 6 is_stmt 0 view .LVU27
 144 0000 B8B1     		cbz	r0, .L14
 127:Drivers/STM32F1xx_HAL_Driver/Src/stm32f1xx_hal_crc.c ****   /* Check the CRC handle allocation */
 145              		.loc 1 127 1 view .LVU28
 146 0002 38B5     		push	{r3, r4, r5, lr}
 147              	.LCFI2:
 148              		.cfi_def_cfa_offset 16
 149              		.cfi_offset 3, -16
 150              		.cfi_offset 4, -12
 151              		.cfi_offset 5, -8
 152              		.cfi_offset 14, -4
 153 0004 0546     		mov	r5, r0
 135:Drivers/STM32F1xx_HAL_Driver/Src/stm32f1xx_hal_crc.c **** 
 154              		.loc 1 135 3 is_stmt 1 view .LVU29
 138:Drivers/STM32F1xx_HAL_Driver/Src/stm32f1xx_hal_crc.c ****   {
 155              		.loc 1 138 3 view .LVU30
 138:Drivers/STM32F1xx_HAL_Driver/Src/stm32f1xx_hal_crc.c ****   {
 156              		.loc 1 138 11 is_stmt 0 view .LVU31
 157 0006 4079     		ldrb	r0, [r0, #5]	@ zero_extendqisi2
 158              	.LVL9:
 138:Drivers/STM32F1xx_HAL_Driver/Src/stm32f1xx_hal_crc.c ****   {
 159              		.loc 1 138 11 view .LVU32
 160 0008 C0B2     		uxtb	r0, r0
 138:Drivers/STM32F1xx_HAL_Driver/Src/stm32f1xx_hal_crc.c ****   {
 161              		.loc 1 138 6 view .LVU33
 162 000a 0228     		cmp	r0, #2
 163 000c 10D0     		beq	.L13
 144:Drivers/STM32F1xx_HAL_Driver/Src/stm32f1xx_hal_crc.c **** 
 164              		.loc 1 144 3 is_stmt 1 view .LVU34
 144:Drivers/STM32F1xx_HAL_Driver/Src/stm32f1xx_hal_crc.c **** 
 165              		.loc 1 144 15 is_stmt 0 view .LVU35
 166 000e 0223     		movs	r3, #2
 167 0010 6B71     		strb	r3, [r5, #5]
 147:Drivers/STM32F1xx_HAL_Driver/Src/stm32f1xx_hal_crc.c **** 
 168              		.loc 1 147 3 is_stmt 1 view .LVU36
 169 0012 2A68     		ldr	r2, [r5]
 170 0014 9368     		ldr	r3, [r2, #8]
 171 0016 43F00103 		orr	r3, r3, #1
 172 001a 9360     		str	r3, [r2, #8]
 150:Drivers/STM32F1xx_HAL_Driver/Src/stm32f1xx_hal_crc.c **** 
 173              		.loc 1 150 3 view .LVU37
 174 001c 2B68     		ldr	r3, [r5]
 175 001e 1A79     		ldrb	r2, [r3, #4]	@ zero_extendqisi2
 176 0020 0024     		movs	r4, #0
 177 0022 1C71     		strb	r4, [r3, #4]
 153:Drivers/STM32F1xx_HAL_Driver/Src/stm32f1xx_hal_crc.c **** 
 178              		.loc 1 153 3 view .LVU38
 179 0024 2846     		mov	r0, r5
 180 0026 FFF7FEFF 		bl	HAL_CRC_MspDeInit
<<<<<<< Updated upstream
ARM GAS  C:\Users\T470S\AppData\Local\Temp\ccw3zvhr.s 			page 8
=======
ARM GAS  C:\Users\T470S\AppData\Local\Temp\ccaD9IAc.s 			page 8
>>>>>>> Stashed changes


 181              	.LVL10:
 156:Drivers/STM32F1xx_HAL_Driver/Src/stm32f1xx_hal_crc.c **** 
 182              		.loc 1 156 3 view .LVU39
 156:Drivers/STM32F1xx_HAL_Driver/Src/stm32f1xx_hal_crc.c **** 
 183              		.loc 1 156 15 is_stmt 0 view .LVU40
 184 002a 6C71     		strb	r4, [r5, #5]
 159:Drivers/STM32F1xx_HAL_Driver/Src/stm32f1xx_hal_crc.c **** 
 185              		.loc 1 159 3 is_stmt 1 view .LVU41
 159:Drivers/STM32F1xx_HAL_Driver/Src/stm32f1xx_hal_crc.c **** 
 186              		.loc 1 159 3 view .LVU42
 187 002c 2C71     		strb	r4, [r5, #4]
 159:Drivers/STM32F1xx_HAL_Driver/Src/stm32f1xx_hal_crc.c **** 
 188              		.loc 1 159 3 view .LVU43
 162:Drivers/STM32F1xx_HAL_Driver/Src/stm32f1xx_hal_crc.c **** }
 189              		.loc 1 162 3 view .LVU44
 162:Drivers/STM32F1xx_HAL_Driver/Src/stm32f1xx_hal_crc.c **** }
 190              		.loc 1 162 10 is_stmt 0 view .LVU45
 191 002e 2046     		mov	r0, r4
 192              	.L13:
 163:Drivers/STM32F1xx_HAL_Driver/Src/stm32f1xx_hal_crc.c **** 
 193              		.loc 1 163 1 view .LVU46
 194 0030 38BD     		pop	{r3, r4, r5, pc}
 195              	.LVL11:
 196              	.L14:
 197              	.LCFI3:
 198              		.cfi_def_cfa_offset 0
 199              		.cfi_restore 3
 200              		.cfi_restore 4
 201              		.cfi_restore 5
 202              		.cfi_restore 14
 131:Drivers/STM32F1xx_HAL_Driver/Src/stm32f1xx_hal_crc.c ****   }
 203              		.loc 1 131 12 view .LVU47
 204 0032 0120     		movs	r0, #1
 205              	.LVL12:
 163:Drivers/STM32F1xx_HAL_Driver/Src/stm32f1xx_hal_crc.c **** 
 206              		.loc 1 163 1 view .LVU48
 207 0034 7047     		bx	lr
 208              		.cfi_endproc
 209              	.LFE66:
 211              		.section	.text.HAL_CRC_Accumulate,"ax",%progbits
 212              		.align	1
 213              		.global	HAL_CRC_Accumulate
 214              		.syntax unified
 215              		.thumb
 216              		.thumb_func
 217              		.fpu softvfp
 219              	HAL_CRC_Accumulate:
 220              	.LVL13:
 221              	.LFB69:
 194:Drivers/STM32F1xx_HAL_Driver/Src/stm32f1xx_hal_crc.c **** 
 195:Drivers/STM32F1xx_HAL_Driver/Src/stm32f1xx_hal_crc.c **** /**
 196:Drivers/STM32F1xx_HAL_Driver/Src/stm32f1xx_hal_crc.c ****   * @}
 197:Drivers/STM32F1xx_HAL_Driver/Src/stm32f1xx_hal_crc.c ****   */
 198:Drivers/STM32F1xx_HAL_Driver/Src/stm32f1xx_hal_crc.c **** 
 199:Drivers/STM32F1xx_HAL_Driver/Src/stm32f1xx_hal_crc.c **** /** @defgroup CRC_Exported_Functions_Group2 Peripheral Control functions
 200:Drivers/STM32F1xx_HAL_Driver/Src/stm32f1xx_hal_crc.c ****   *  @brief    management functions.
 201:Drivers/STM32F1xx_HAL_Driver/Src/stm32f1xx_hal_crc.c ****   *
<<<<<<< Updated upstream
ARM GAS  C:\Users\T470S\AppData\Local\Temp\ccw3zvhr.s 			page 9
=======
ARM GAS  C:\Users\T470S\AppData\Local\Temp\ccaD9IAc.s 			page 9
>>>>>>> Stashed changes


 202:Drivers/STM32F1xx_HAL_Driver/Src/stm32f1xx_hal_crc.c **** @verbatim
 203:Drivers/STM32F1xx_HAL_Driver/Src/stm32f1xx_hal_crc.c ****  ===============================================================================
 204:Drivers/STM32F1xx_HAL_Driver/Src/stm32f1xx_hal_crc.c ****                       ##### Peripheral Control functions #####
 205:Drivers/STM32F1xx_HAL_Driver/Src/stm32f1xx_hal_crc.c ****  ===============================================================================
 206:Drivers/STM32F1xx_HAL_Driver/Src/stm32f1xx_hal_crc.c ****     [..]  This section provides functions allowing to:
 207:Drivers/STM32F1xx_HAL_Driver/Src/stm32f1xx_hal_crc.c ****       (+) compute the 32-bit CRC value of a 32-bit data buffer
 208:Drivers/STM32F1xx_HAL_Driver/Src/stm32f1xx_hal_crc.c ****           using combination of the previous CRC value and the new one.
 209:Drivers/STM32F1xx_HAL_Driver/Src/stm32f1xx_hal_crc.c **** 
 210:Drivers/STM32F1xx_HAL_Driver/Src/stm32f1xx_hal_crc.c ****        [..]  or
 211:Drivers/STM32F1xx_HAL_Driver/Src/stm32f1xx_hal_crc.c **** 
 212:Drivers/STM32F1xx_HAL_Driver/Src/stm32f1xx_hal_crc.c ****       (+) compute the 32-bit CRC value of a 32-bit data buffer
 213:Drivers/STM32F1xx_HAL_Driver/Src/stm32f1xx_hal_crc.c ****           independently of the previous CRC value.
 214:Drivers/STM32F1xx_HAL_Driver/Src/stm32f1xx_hal_crc.c **** 
 215:Drivers/STM32F1xx_HAL_Driver/Src/stm32f1xx_hal_crc.c **** @endverbatim
 216:Drivers/STM32F1xx_HAL_Driver/Src/stm32f1xx_hal_crc.c ****   * @{
 217:Drivers/STM32F1xx_HAL_Driver/Src/stm32f1xx_hal_crc.c ****   */
 218:Drivers/STM32F1xx_HAL_Driver/Src/stm32f1xx_hal_crc.c **** 
 219:Drivers/STM32F1xx_HAL_Driver/Src/stm32f1xx_hal_crc.c **** /**
 220:Drivers/STM32F1xx_HAL_Driver/Src/stm32f1xx_hal_crc.c ****   * @brief  Compute the 32-bit CRC value of a 32-bit data buffer
 221:Drivers/STM32F1xx_HAL_Driver/Src/stm32f1xx_hal_crc.c ****   *         starting with the previously computed CRC as initialization value.
 222:Drivers/STM32F1xx_HAL_Driver/Src/stm32f1xx_hal_crc.c ****   * @param  hcrc CRC handle
 223:Drivers/STM32F1xx_HAL_Driver/Src/stm32f1xx_hal_crc.c ****   * @param  pBuffer pointer to the input data buffer.
 224:Drivers/STM32F1xx_HAL_Driver/Src/stm32f1xx_hal_crc.c ****   * @param  BufferLength input data buffer length (number of uint32_t words).
 225:Drivers/STM32F1xx_HAL_Driver/Src/stm32f1xx_hal_crc.c ****   * @retval uint32_t CRC (returned value LSBs for CRC shorter than 32 bits)
 226:Drivers/STM32F1xx_HAL_Driver/Src/stm32f1xx_hal_crc.c ****   */
 227:Drivers/STM32F1xx_HAL_Driver/Src/stm32f1xx_hal_crc.c **** uint32_t HAL_CRC_Accumulate(CRC_HandleTypeDef *hcrc, uint32_t pBuffer[], uint32_t BufferLength)
 228:Drivers/STM32F1xx_HAL_Driver/Src/stm32f1xx_hal_crc.c **** {
 222              		.loc 1 228 1 is_stmt 1 view -0
 223              		.cfi_startproc
 224              		@ args = 0, pretend = 0, frame = 0
 225              		@ frame_needed = 0, uses_anonymous_args = 0
 226              		.loc 1 228 1 is_stmt 0 view .LVU50
 227 0000 8446     		mov	ip, r0
 229:Drivers/STM32F1xx_HAL_Driver/Src/stm32f1xx_hal_crc.c ****   uint32_t index;      /* CRC input data buffer index */
 228              		.loc 1 229 3 is_stmt 1 view .LVU51
 230:Drivers/STM32F1xx_HAL_Driver/Src/stm32f1xx_hal_crc.c ****   uint32_t temp = 0U;  /* CRC output (read from hcrc->Instance->DR register) */
 229              		.loc 1 230 3 view .LVU52
 230              	.LVL14:
 231:Drivers/STM32F1xx_HAL_Driver/Src/stm32f1xx_hal_crc.c **** 
 232:Drivers/STM32F1xx_HAL_Driver/Src/stm32f1xx_hal_crc.c ****   /* Change CRC peripheral state */
 233:Drivers/STM32F1xx_HAL_Driver/Src/stm32f1xx_hal_crc.c ****   hcrc->State = HAL_CRC_STATE_BUSY;
 231              		.loc 1 233 3 view .LVU53
 232              		.loc 1 233 15 is_stmt 0 view .LVU54
 233 0002 0223     		movs	r3, #2
 234 0004 4371     		strb	r3, [r0, #5]
 234:Drivers/STM32F1xx_HAL_Driver/Src/stm32f1xx_hal_crc.c **** 
 235:Drivers/STM32F1xx_HAL_Driver/Src/stm32f1xx_hal_crc.c ****   /* Enter Data to the CRC calculator */
 236:Drivers/STM32F1xx_HAL_Driver/Src/stm32f1xx_hal_crc.c ****   for (index = 0U; index < BufferLength; index++)
 235              		.loc 1 236 3 is_stmt 1 view .LVU55
 236              	.LVL15:
 237              		.loc 1 236 14 is_stmt 0 view .LVU56
 238 0006 0023     		movs	r3, #0
 239              	.LVL16:
 240              		.loc 1 236 20 is_stmt 1 view .LVU57
 241              		.loc 1 236 3 is_stmt 0 view .LVU58
 242 0008 9342     		cmp	r3, r2
 243 000a 11D2     		bcs	.L26
<<<<<<< Updated upstream
ARM GAS  C:\Users\T470S\AppData\Local\Temp\ccw3zvhr.s 			page 10
=======
ARM GAS  C:\Users\T470S\AppData\Local\Temp\ccaD9IAc.s 			page 10
>>>>>>> Stashed changes


 228:Drivers/STM32F1xx_HAL_Driver/Src/stm32f1xx_hal_crc.c ****   uint32_t index;      /* CRC input data buffer index */
 244              		.loc 1 228 1 view .LVU59
 245 000c 00B5     		push	{lr}
 246              	.LCFI4:
 247              		.cfi_def_cfa_offset 4
 248              		.cfi_offset 14, -4
 249              	.LVL17:
 250              	.L21:
 237:Drivers/STM32F1xx_HAL_Driver/Src/stm32f1xx_hal_crc.c ****   {
 238:Drivers/STM32F1xx_HAL_Driver/Src/stm32f1xx_hal_crc.c ****     hcrc->Instance->DR = pBuffer[index];
 251              		.loc 1 238 5 is_stmt 1 discriminator 3 view .LVU60
 252              		.loc 1 238 24 is_stmt 0 discriminator 3 view .LVU61
 253 000e DCF80000 		ldr	r0, [ip]
 254 0012 51F823E0 		ldr	lr, [r1, r3, lsl #2]
 255 0016 C0F800E0 		str	lr, [r0]
 236:Drivers/STM32F1xx_HAL_Driver/Src/stm32f1xx_hal_crc.c ****   {
 256              		.loc 1 236 42 is_stmt 1 discriminator 3 view .LVU62
 236:Drivers/STM32F1xx_HAL_Driver/Src/stm32f1xx_hal_crc.c ****   {
 257              		.loc 1 236 47 is_stmt 0 discriminator 3 view .LVU63
 258 001a 0133     		adds	r3, r3, #1
 259              	.LVL18:
 236:Drivers/STM32F1xx_HAL_Driver/Src/stm32f1xx_hal_crc.c ****   {
 260              		.loc 1 236 20 is_stmt 1 discriminator 3 view .LVU64
 236:Drivers/STM32F1xx_HAL_Driver/Src/stm32f1xx_hal_crc.c ****   {
 261              		.loc 1 236 3 is_stmt 0 discriminator 3 view .LVU65
 262 001c 9342     		cmp	r3, r2
 263 001e F6D3     		bcc	.L21
 239:Drivers/STM32F1xx_HAL_Driver/Src/stm32f1xx_hal_crc.c ****   }
 240:Drivers/STM32F1xx_HAL_Driver/Src/stm32f1xx_hal_crc.c ****   temp = hcrc->Instance->DR;
 264              		.loc 1 240 3 is_stmt 1 view .LVU66
 265              		.loc 1 240 14 is_stmt 0 view .LVU67
 266 0020 DCF80030 		ldr	r3, [ip]
 267              	.LVL19:
 268              		.loc 1 240 8 view .LVU68
 269 0024 1868     		ldr	r0, [r3]
 270              	.LVL20:
 241:Drivers/STM32F1xx_HAL_Driver/Src/stm32f1xx_hal_crc.c **** 
 242:Drivers/STM32F1xx_HAL_Driver/Src/stm32f1xx_hal_crc.c ****   /* Change CRC peripheral state */
 243:Drivers/STM32F1xx_HAL_Driver/Src/stm32f1xx_hal_crc.c ****   hcrc->State = HAL_CRC_STATE_READY;
 271              		.loc 1 243 3 is_stmt 1 view .LVU69
 272              		.loc 1 243 15 is_stmt 0 view .LVU70
 273 0026 0123     		movs	r3, #1
 274 0028 8CF80530 		strb	r3, [ip, #5]
 244:Drivers/STM32F1xx_HAL_Driver/Src/stm32f1xx_hal_crc.c **** 
 245:Drivers/STM32F1xx_HAL_Driver/Src/stm32f1xx_hal_crc.c ****   /* Return the CRC computed value */
 246:Drivers/STM32F1xx_HAL_Driver/Src/stm32f1xx_hal_crc.c ****   return temp;
 275              		.loc 1 246 3 is_stmt 1 view .LVU71
 247:Drivers/STM32F1xx_HAL_Driver/Src/stm32f1xx_hal_crc.c **** }
 276              		.loc 1 247 1 is_stmt 0 view .LVU72
 277 002c 5DF804FB 		ldr	pc, [sp], #4
 278              	.LVL21:
 279              	.L26:
 280              	.LCFI5:
 281              		.cfi_def_cfa_offset 0
 282              		.cfi_restore 14
 240:Drivers/STM32F1xx_HAL_Driver/Src/stm32f1xx_hal_crc.c **** 
 283              		.loc 1 240 3 is_stmt 1 view .LVU73
<<<<<<< Updated upstream
ARM GAS  C:\Users\T470S\AppData\Local\Temp\ccw3zvhr.s 			page 11
=======
ARM GAS  C:\Users\T470S\AppData\Local\Temp\ccaD9IAc.s 			page 11
>>>>>>> Stashed changes


 240:Drivers/STM32F1xx_HAL_Driver/Src/stm32f1xx_hal_crc.c **** 
 284              		.loc 1 240 14 is_stmt 0 view .LVU74
 285 0030 0368     		ldr	r3, [r0]
 286              	.LVL22:
 240:Drivers/STM32F1xx_HAL_Driver/Src/stm32f1xx_hal_crc.c **** 
 287              		.loc 1 240 8 view .LVU75
 288 0032 1868     		ldr	r0, [r3]
 289              	.LVL23:
 243:Drivers/STM32F1xx_HAL_Driver/Src/stm32f1xx_hal_crc.c **** 
 290              		.loc 1 243 3 is_stmt 1 view .LVU76
 243:Drivers/STM32F1xx_HAL_Driver/Src/stm32f1xx_hal_crc.c **** 
 291              		.loc 1 243 15 is_stmt 0 view .LVU77
 292 0034 0123     		movs	r3, #1
 293 0036 8CF80530 		strb	r3, [ip, #5]
 246:Drivers/STM32F1xx_HAL_Driver/Src/stm32f1xx_hal_crc.c **** }
 294              		.loc 1 246 3 is_stmt 1 view .LVU78
 295              		.loc 1 247 1 is_stmt 0 view .LVU79
 296 003a 7047     		bx	lr
 297              		.cfi_endproc
 298              	.LFE69:
 300              		.section	.text.HAL_CRC_Calculate,"ax",%progbits
 301              		.align	1
 302              		.global	HAL_CRC_Calculate
 303              		.syntax unified
 304              		.thumb
 305              		.thumb_func
 306              		.fpu softvfp
 308              	HAL_CRC_Calculate:
 309              	.LVL24:
 310              	.LFB70:
 248:Drivers/STM32F1xx_HAL_Driver/Src/stm32f1xx_hal_crc.c **** 
 249:Drivers/STM32F1xx_HAL_Driver/Src/stm32f1xx_hal_crc.c **** /**
 250:Drivers/STM32F1xx_HAL_Driver/Src/stm32f1xx_hal_crc.c ****   * @brief  Compute the 32-bit CRC value of a 32-bit data buffer
 251:Drivers/STM32F1xx_HAL_Driver/Src/stm32f1xx_hal_crc.c ****   *         starting with hcrc->Instance->INIT as initialization value.
 252:Drivers/STM32F1xx_HAL_Driver/Src/stm32f1xx_hal_crc.c ****   * @param  hcrc CRC handle
 253:Drivers/STM32F1xx_HAL_Driver/Src/stm32f1xx_hal_crc.c ****   * @param  pBuffer pointer to the input data buffer.
 254:Drivers/STM32F1xx_HAL_Driver/Src/stm32f1xx_hal_crc.c ****   * @param  BufferLength input data buffer length (number of uint32_t words).
 255:Drivers/STM32F1xx_HAL_Driver/Src/stm32f1xx_hal_crc.c ****   * @retval uint32_t CRC (returned value LSBs for CRC shorter than 32 bits)
 256:Drivers/STM32F1xx_HAL_Driver/Src/stm32f1xx_hal_crc.c ****   */
 257:Drivers/STM32F1xx_HAL_Driver/Src/stm32f1xx_hal_crc.c **** uint32_t HAL_CRC_Calculate(CRC_HandleTypeDef *hcrc, uint32_t pBuffer[], uint32_t BufferLength)
 258:Drivers/STM32F1xx_HAL_Driver/Src/stm32f1xx_hal_crc.c **** {
 311              		.loc 1 258 1 is_stmt 1 view -0
 312              		.cfi_startproc
 313              		@ args = 0, pretend = 0, frame = 0
 314              		@ frame_needed = 0, uses_anonymous_args = 0
 315              		.loc 1 258 1 is_stmt 0 view .LVU81
 316 0000 8446     		mov	ip, r0
 259:Drivers/STM32F1xx_HAL_Driver/Src/stm32f1xx_hal_crc.c ****   uint32_t index;      /* CRC input data buffer index */
 317              		.loc 1 259 3 is_stmt 1 view .LVU82
 260:Drivers/STM32F1xx_HAL_Driver/Src/stm32f1xx_hal_crc.c ****   uint32_t temp = 0U;  /* CRC output (read from hcrc->Instance->DR register) */
 318              		.loc 1 260 3 view .LVU83
 319              	.LVL25:
 261:Drivers/STM32F1xx_HAL_Driver/Src/stm32f1xx_hal_crc.c **** 
 262:Drivers/STM32F1xx_HAL_Driver/Src/stm32f1xx_hal_crc.c ****   /* Change CRC peripheral state */
 263:Drivers/STM32F1xx_HAL_Driver/Src/stm32f1xx_hal_crc.c ****   hcrc->State = HAL_CRC_STATE_BUSY;
 320              		.loc 1 263 3 view .LVU84
 321              		.loc 1 263 15 is_stmt 0 view .LVU85
<<<<<<< Updated upstream
ARM GAS  C:\Users\T470S\AppData\Local\Temp\ccw3zvhr.s 			page 12
=======
ARM GAS  C:\Users\T470S\AppData\Local\Temp\ccaD9IAc.s 			page 12
>>>>>>> Stashed changes


 322 0002 0223     		movs	r3, #2
 323 0004 4371     		strb	r3, [r0, #5]
 264:Drivers/STM32F1xx_HAL_Driver/Src/stm32f1xx_hal_crc.c **** 
 265:Drivers/STM32F1xx_HAL_Driver/Src/stm32f1xx_hal_crc.c ****   /* Reset CRC Calculation Unit (hcrc->Instance->INIT is
 266:Drivers/STM32F1xx_HAL_Driver/Src/stm32f1xx_hal_crc.c ****   *  written in hcrc->Instance->DR) */
 267:Drivers/STM32F1xx_HAL_Driver/Src/stm32f1xx_hal_crc.c ****   __HAL_CRC_DR_RESET(hcrc);
 324              		.loc 1 267 3 is_stmt 1 view .LVU86
 325 0006 0068     		ldr	r0, [r0]
 326              	.LVL26:
 327              		.loc 1 267 3 is_stmt 0 view .LVU87
 328 0008 8368     		ldr	r3, [r0, #8]
 329 000a 43F00103 		orr	r3, r3, #1
 330 000e 8360     		str	r3, [r0, #8]
 268:Drivers/STM32F1xx_HAL_Driver/Src/stm32f1xx_hal_crc.c **** 
 269:Drivers/STM32F1xx_HAL_Driver/Src/stm32f1xx_hal_crc.c ****   /* Enter 32-bit input data to the CRC calculator */
 270:Drivers/STM32F1xx_HAL_Driver/Src/stm32f1xx_hal_crc.c ****   for (index = 0U; index < BufferLength; index++)
 331              		.loc 1 270 3 is_stmt 1 view .LVU88
 332              	.LVL27:
 333              		.loc 1 270 14 is_stmt 0 view .LVU89
 334 0010 0023     		movs	r3, #0
 335              	.LVL28:
 336              		.loc 1 270 20 is_stmt 1 view .LVU90
 337              		.loc 1 270 3 is_stmt 0 view .LVU91
 338 0012 9342     		cmp	r3, r2
 339 0014 11D2     		bcs	.L34
 258:Drivers/STM32F1xx_HAL_Driver/Src/stm32f1xx_hal_crc.c ****   uint32_t index;      /* CRC input data buffer index */
 340              		.loc 1 258 1 view .LVU92
 341 0016 00B5     		push	{lr}
 342              	.LCFI6:
 343              		.cfi_def_cfa_offset 4
 344              		.cfi_offset 14, -4
 345              	.L29:
 271:Drivers/STM32F1xx_HAL_Driver/Src/stm32f1xx_hal_crc.c ****   {
 272:Drivers/STM32F1xx_HAL_Driver/Src/stm32f1xx_hal_crc.c ****     hcrc->Instance->DR = pBuffer[index];
 346              		.loc 1 272 5 is_stmt 1 discriminator 3 view .LVU93
 347              		.loc 1 272 24 is_stmt 0 discriminator 3 view .LVU94
 348 0018 DCF80000 		ldr	r0, [ip]
 349 001c 51F823E0 		ldr	lr, [r1, r3, lsl #2]
 350 0020 C0F800E0 		str	lr, [r0]
 270:Drivers/STM32F1xx_HAL_Driver/Src/stm32f1xx_hal_crc.c ****   {
 351              		.loc 1 270 42 is_stmt 1 discriminator 3 view .LVU95
 270:Drivers/STM32F1xx_HAL_Driver/Src/stm32f1xx_hal_crc.c ****   {
 352              		.loc 1 270 47 is_stmt 0 discriminator 3 view .LVU96
 353 0024 0133     		adds	r3, r3, #1
 354              	.LVL29:
 270:Drivers/STM32F1xx_HAL_Driver/Src/stm32f1xx_hal_crc.c ****   {
 355              		.loc 1 270 20 is_stmt 1 discriminator 3 view .LVU97
 270:Drivers/STM32F1xx_HAL_Driver/Src/stm32f1xx_hal_crc.c ****   {
 356              		.loc 1 270 3 is_stmt 0 discriminator 3 view .LVU98
 357 0026 9342     		cmp	r3, r2
 358 0028 F6D3     		bcc	.L29
 273:Drivers/STM32F1xx_HAL_Driver/Src/stm32f1xx_hal_crc.c ****   }
 274:Drivers/STM32F1xx_HAL_Driver/Src/stm32f1xx_hal_crc.c ****   temp = hcrc->Instance->DR;
 359              		.loc 1 274 3 is_stmt 1 view .LVU99
 360              		.loc 1 274 14 is_stmt 0 view .LVU100
 361 002a DCF80030 		ldr	r3, [ip]
 362              	.LVL30:
<<<<<<< Updated upstream
ARM GAS  C:\Users\T470S\AppData\Local\Temp\ccw3zvhr.s 			page 13
=======
ARM GAS  C:\Users\T470S\AppData\Local\Temp\ccaD9IAc.s 			page 13
>>>>>>> Stashed changes


 363              		.loc 1 274 8 view .LVU101
 364 002e 1868     		ldr	r0, [r3]
 365              	.LVL31:
 275:Drivers/STM32F1xx_HAL_Driver/Src/stm32f1xx_hal_crc.c **** 
 276:Drivers/STM32F1xx_HAL_Driver/Src/stm32f1xx_hal_crc.c ****   /* Change CRC peripheral state */
 277:Drivers/STM32F1xx_HAL_Driver/Src/stm32f1xx_hal_crc.c ****   hcrc->State = HAL_CRC_STATE_READY;
 366              		.loc 1 277 3 is_stmt 1 view .LVU102
 367              		.loc 1 277 15 is_stmt 0 view .LVU103
 368 0030 0123     		movs	r3, #1
 369 0032 8CF80530 		strb	r3, [ip, #5]
 278:Drivers/STM32F1xx_HAL_Driver/Src/stm32f1xx_hal_crc.c **** 
 279:Drivers/STM32F1xx_HAL_Driver/Src/stm32f1xx_hal_crc.c ****   /* Return the CRC computed value */
 280:Drivers/STM32F1xx_HAL_Driver/Src/stm32f1xx_hal_crc.c ****   return temp;
 370              		.loc 1 280 3 is_stmt 1 view .LVU104
 281:Drivers/STM32F1xx_HAL_Driver/Src/stm32f1xx_hal_crc.c **** }
 371              		.loc 1 281 1 is_stmt 0 view .LVU105
 372 0036 5DF804FB 		ldr	pc, [sp], #4
 373              	.LVL32:
 374              	.L34:
 375              	.LCFI7:
 376              		.cfi_def_cfa_offset 0
 377              		.cfi_restore 14
 274:Drivers/STM32F1xx_HAL_Driver/Src/stm32f1xx_hal_crc.c **** 
 378              		.loc 1 274 3 is_stmt 1 view .LVU106
 274:Drivers/STM32F1xx_HAL_Driver/Src/stm32f1xx_hal_crc.c **** 
 379              		.loc 1 274 14 is_stmt 0 view .LVU107
 380 003a DCF80030 		ldr	r3, [ip]
 381              	.LVL33:
 274:Drivers/STM32F1xx_HAL_Driver/Src/stm32f1xx_hal_crc.c **** 
 382              		.loc 1 274 8 view .LVU108
 383 003e 1868     		ldr	r0, [r3]
 384              	.LVL34:
 277:Drivers/STM32F1xx_HAL_Driver/Src/stm32f1xx_hal_crc.c **** 
 385              		.loc 1 277 3 is_stmt 1 view .LVU109
 277:Drivers/STM32F1xx_HAL_Driver/Src/stm32f1xx_hal_crc.c **** 
 386              		.loc 1 277 15 is_stmt 0 view .LVU110
 387 0040 0123     		movs	r3, #1
 388 0042 8CF80530 		strb	r3, [ip, #5]
 280:Drivers/STM32F1xx_HAL_Driver/Src/stm32f1xx_hal_crc.c **** }
 389              		.loc 1 280 3 is_stmt 1 view .LVU111
 390              		.loc 1 281 1 is_stmt 0 view .LVU112
 391 0046 7047     		bx	lr
 392              		.cfi_endproc
 393              	.LFE70:
 395              		.section	.text.HAL_CRC_GetState,"ax",%progbits
 396              		.align	1
 397              		.global	HAL_CRC_GetState
 398              		.syntax unified
 399              		.thumb
 400              		.thumb_func
 401              		.fpu softvfp
 403              	HAL_CRC_GetState:
 404              	.LVL35:
 405              	.LFB71:
 282:Drivers/STM32F1xx_HAL_Driver/Src/stm32f1xx_hal_crc.c **** 
 283:Drivers/STM32F1xx_HAL_Driver/Src/stm32f1xx_hal_crc.c **** /**
 284:Drivers/STM32F1xx_HAL_Driver/Src/stm32f1xx_hal_crc.c ****   * @}
<<<<<<< Updated upstream
ARM GAS  C:\Users\T470S\AppData\Local\Temp\ccw3zvhr.s 			page 14
=======
ARM GAS  C:\Users\T470S\AppData\Local\Temp\ccaD9IAc.s 			page 14
>>>>>>> Stashed changes


 285:Drivers/STM32F1xx_HAL_Driver/Src/stm32f1xx_hal_crc.c ****   */
 286:Drivers/STM32F1xx_HAL_Driver/Src/stm32f1xx_hal_crc.c **** 
 287:Drivers/STM32F1xx_HAL_Driver/Src/stm32f1xx_hal_crc.c **** /** @defgroup CRC_Exported_Functions_Group3 Peripheral State functions
 288:Drivers/STM32F1xx_HAL_Driver/Src/stm32f1xx_hal_crc.c ****   *  @brief    Peripheral State functions.
 289:Drivers/STM32F1xx_HAL_Driver/Src/stm32f1xx_hal_crc.c ****   *
 290:Drivers/STM32F1xx_HAL_Driver/Src/stm32f1xx_hal_crc.c **** @verbatim
 291:Drivers/STM32F1xx_HAL_Driver/Src/stm32f1xx_hal_crc.c ****  ===============================================================================
 292:Drivers/STM32F1xx_HAL_Driver/Src/stm32f1xx_hal_crc.c ****                       ##### Peripheral State functions #####
 293:Drivers/STM32F1xx_HAL_Driver/Src/stm32f1xx_hal_crc.c ****  ===============================================================================
 294:Drivers/STM32F1xx_HAL_Driver/Src/stm32f1xx_hal_crc.c ****     [..]
 295:Drivers/STM32F1xx_HAL_Driver/Src/stm32f1xx_hal_crc.c ****     This subsection permits to get in run-time the status of the peripheral.
 296:Drivers/STM32F1xx_HAL_Driver/Src/stm32f1xx_hal_crc.c **** 
 297:Drivers/STM32F1xx_HAL_Driver/Src/stm32f1xx_hal_crc.c **** @endverbatim
 298:Drivers/STM32F1xx_HAL_Driver/Src/stm32f1xx_hal_crc.c ****   * @{
 299:Drivers/STM32F1xx_HAL_Driver/Src/stm32f1xx_hal_crc.c ****   */
 300:Drivers/STM32F1xx_HAL_Driver/Src/stm32f1xx_hal_crc.c **** 
 301:Drivers/STM32F1xx_HAL_Driver/Src/stm32f1xx_hal_crc.c **** /**
 302:Drivers/STM32F1xx_HAL_Driver/Src/stm32f1xx_hal_crc.c ****   * @brief  Return the CRC handle state.
 303:Drivers/STM32F1xx_HAL_Driver/Src/stm32f1xx_hal_crc.c ****   * @param  hcrc CRC handle
 304:Drivers/STM32F1xx_HAL_Driver/Src/stm32f1xx_hal_crc.c ****   * @retval HAL state
 305:Drivers/STM32F1xx_HAL_Driver/Src/stm32f1xx_hal_crc.c ****   */
 306:Drivers/STM32F1xx_HAL_Driver/Src/stm32f1xx_hal_crc.c **** HAL_CRC_StateTypeDef HAL_CRC_GetState(CRC_HandleTypeDef *hcrc)
 307:Drivers/STM32F1xx_HAL_Driver/Src/stm32f1xx_hal_crc.c **** {
 406              		.loc 1 307 1 is_stmt 1 view -0
 407              		.cfi_startproc
 408              		@ args = 0, pretend = 0, frame = 0
 409              		@ frame_needed = 0, uses_anonymous_args = 0
 410              		@ link register save eliminated.
 308:Drivers/STM32F1xx_HAL_Driver/Src/stm32f1xx_hal_crc.c ****   /* Return CRC handle state */
 309:Drivers/STM32F1xx_HAL_Driver/Src/stm32f1xx_hal_crc.c ****   return hcrc->State;
 411              		.loc 1 309 3 view .LVU114
 412              		.loc 1 309 14 is_stmt 0 view .LVU115
 413 0000 4079     		ldrb	r0, [r0, #5]	@ zero_extendqisi2
 414              	.LVL36:
 310:Drivers/STM32F1xx_HAL_Driver/Src/stm32f1xx_hal_crc.c **** }
 415              		.loc 1 310 1 view .LVU116
 416 0002 7047     		bx	lr
 417              		.cfi_endproc
 418              	.LFE71:
 420              		.text
 421              	.Letext0:
 422              		.file 2 "c:\\program files (x86)\\gnu arm embedded toolchain\\10 2020-q4-major\\arm-none-eabi\\inc
 423              		.file 3 "c:\\program files (x86)\\gnu arm embedded toolchain\\10 2020-q4-major\\arm-none-eabi\\inc
 424              		.file 4 "Drivers/CMSIS/Device/ST/STM32F1xx/Include/stm32f103xb.h"
 425              		.file 5 "Drivers/STM32F1xx_HAL_Driver/Inc/stm32f1xx_hal_def.h"
 426              		.file 6 "Drivers/STM32F1xx_HAL_Driver/Inc/stm32f1xx_hal_crc.h"
<<<<<<< Updated upstream
ARM GAS  C:\Users\T470S\AppData\Local\Temp\ccw3zvhr.s 			page 15
=======
ARM GAS  C:\Users\T470S\AppData\Local\Temp\ccaD9IAc.s 			page 15
>>>>>>> Stashed changes


DEFINED SYMBOLS
                            *ABS*:00000000 stm32f1xx_hal_crc.c
<<<<<<< Updated upstream
C:\Users\T470S\AppData\Local\Temp\ccw3zvhr.s:16     .text.HAL_CRC_MspInit:00000000 $t
C:\Users\T470S\AppData\Local\Temp\ccw3zvhr.s:24     .text.HAL_CRC_MspInit:00000000 HAL_CRC_MspInit
C:\Users\T470S\AppData\Local\Temp\ccw3zvhr.s:40     .text.HAL_CRC_Init:00000000 $t
C:\Users\T470S\AppData\Local\Temp\ccw3zvhr.s:47     .text.HAL_CRC_Init:00000000 HAL_CRC_Init
C:\Users\T470S\AppData\Local\Temp\ccw3zvhr.s:106    .text.HAL_CRC_MspDeInit:00000000 $t
C:\Users\T470S\AppData\Local\Temp\ccw3zvhr.s:113    .text.HAL_CRC_MspDeInit:00000000 HAL_CRC_MspDeInit
C:\Users\T470S\AppData\Local\Temp\ccw3zvhr.s:128    .text.HAL_CRC_DeInit:00000000 $t
C:\Users\T470S\AppData\Local\Temp\ccw3zvhr.s:135    .text.HAL_CRC_DeInit:00000000 HAL_CRC_DeInit
C:\Users\T470S\AppData\Local\Temp\ccw3zvhr.s:212    .text.HAL_CRC_Accumulate:00000000 $t
C:\Users\T470S\AppData\Local\Temp\ccw3zvhr.s:219    .text.HAL_CRC_Accumulate:00000000 HAL_CRC_Accumulate
C:\Users\T470S\AppData\Local\Temp\ccw3zvhr.s:301    .text.HAL_CRC_Calculate:00000000 $t
C:\Users\T470S\AppData\Local\Temp\ccw3zvhr.s:308    .text.HAL_CRC_Calculate:00000000 HAL_CRC_Calculate
C:\Users\T470S\AppData\Local\Temp\ccw3zvhr.s:396    .text.HAL_CRC_GetState:00000000 $t
C:\Users\T470S\AppData\Local\Temp\ccw3zvhr.s:403    .text.HAL_CRC_GetState:00000000 HAL_CRC_GetState
=======
C:\Users\T470S\AppData\Local\Temp\ccaD9IAc.s:16     .text.HAL_CRC_MspInit:00000000 $t
C:\Users\T470S\AppData\Local\Temp\ccaD9IAc.s:24     .text.HAL_CRC_MspInit:00000000 HAL_CRC_MspInit
C:\Users\T470S\AppData\Local\Temp\ccaD9IAc.s:40     .text.HAL_CRC_Init:00000000 $t
C:\Users\T470S\AppData\Local\Temp\ccaD9IAc.s:47     .text.HAL_CRC_Init:00000000 HAL_CRC_Init
C:\Users\T470S\AppData\Local\Temp\ccaD9IAc.s:106    .text.HAL_CRC_MspDeInit:00000000 $t
C:\Users\T470S\AppData\Local\Temp\ccaD9IAc.s:113    .text.HAL_CRC_MspDeInit:00000000 HAL_CRC_MspDeInit
C:\Users\T470S\AppData\Local\Temp\ccaD9IAc.s:128    .text.HAL_CRC_DeInit:00000000 $t
C:\Users\T470S\AppData\Local\Temp\ccaD9IAc.s:135    .text.HAL_CRC_DeInit:00000000 HAL_CRC_DeInit
C:\Users\T470S\AppData\Local\Temp\ccaD9IAc.s:212    .text.HAL_CRC_Accumulate:00000000 $t
C:\Users\T470S\AppData\Local\Temp\ccaD9IAc.s:219    .text.HAL_CRC_Accumulate:00000000 HAL_CRC_Accumulate
C:\Users\T470S\AppData\Local\Temp\ccaD9IAc.s:301    .text.HAL_CRC_Calculate:00000000 $t
C:\Users\T470S\AppData\Local\Temp\ccaD9IAc.s:308    .text.HAL_CRC_Calculate:00000000 HAL_CRC_Calculate
C:\Users\T470S\AppData\Local\Temp\ccaD9IAc.s:396    .text.HAL_CRC_GetState:00000000 $t
C:\Users\T470S\AppData\Local\Temp\ccaD9IAc.s:403    .text.HAL_CRC_GetState:00000000 HAL_CRC_GetState
>>>>>>> Stashed changes

NO UNDEFINED SYMBOLS
